#
# A fatal error has been detected by the Java Runtime Environment:
#
#  EXCEPTION_ACCESS_VIOLATION (0xc0000005) at pc=0x00000203bf2156f7, pid=4536, tid=8156
#
# JRE version: Java(TM) SE Runtime Environment (12.0.2+10) (build 12.0.2+10)
# Java VM: Java HotSpot(TM) 64-Bit Server VM (12.0.2+10, mixed mode, sharing, tiered, compressed oops, g1 gc, windows-amd64)
# Problematic frame:
# J 16357 c2 el.<init>([Lel;I)V (1199 bytes) @ 0x00000203bf2156f7 [0x00000203bf213e00+0x00000000000018f7]
#
# No core dump will be written. Minidumps are not enabled by default on client versions of Windows
#
# If you would like to submit a bug report, please visit:
#   http://bugreport.java.com/bugreport/crash.jsp
#

---------------  S U M M A R Y ------------

Command Line: -agentlib:jdwp=transport=dt_socket,address=127.0.0.1:52174,suspend=y,server=n -Drunelite.pluginhub.version=1.6.15 -javaagent:C:\Users\corbo\.IdeaIC2019.2\system\captureAgent\debugger-agent.jar -Dfile.encoding=UTF-8 net.runelite.client.RuneLite

Host: Intel(R) Core(TM) i5-9600K CPU @ 3.70GHz, 6 cores, 15G,  Windows 10 , 64 bit Build 18362 (10.0.18362.778)
Time: Fri May 22 13:31:06 2020 Eastern Daylight Time elapsed time: 1030 seconds (0d 0h 17m 10s)

---------------  T H R E A D  ---------------

Current thread (0x00000203d33b8800):  JavaThread "Client" daemon [_thread_in_Java, id=8156, stack(0x000000f89b000000,0x000000f89b100000)]

Stack: [0x000000f89b000000,0x000000f89b100000],  sp=0x000000f89b0fe0b0,  free space=1016k
Native frames: (J=compiled Java code, j=interpreted, Vv=VM code, C=native code)
C  0x00000203bf2156f7


siginfo: EXCEPTION_ACCESS_VIOLATION (0xc0000005), reading address 0x000000000000000c


Register to memory mapping:

RIP=0x00000203bf2156f7 is at entry_point+6391 in (nmethod*)0x00000203bf213b10
RAX=0x0 is NULL
RBX=0x0 is NULL
RCX=0x0000000000000002 is an unknown value
RDX=
[error occurred during error reporting (printing register info), id 0xc0000005, EXCEPTION_ACCESS_VIOLATION (0xc0000005) at pc=0x00007ffcfb7a3146]

Registers:
RAX=0x0000000000000000, RBX=0x0000000000000000, RCX=0x0000000000000002, RDX=0x000000070efd1ea8
RSP=0x000000f89b0fe0b0, RBP=0x000000070efcb7c8, RSI=0x0000000000000000, RDI=0x000000070efca670
R8 =0x0000000000000001, R9 =0x00000000e1df9f92, R10=0x0000000000000000, R11=0x0000000000000000
R12=0x0000000000000000, R13=0x0000000000000001, R14=0x0000000000000015, R15=0x00000203d33b8800
RIP=0x00000203bf2156f7, EFLAGS=0x0000000000010246

Top of Stack: (sp=0x000000f89b0fe0b0)
0x000000f89b0fe0b0:   0000000000000006 0000000000000004
0x000000f89b0fe0c0:   0000000000040005 0000020300000042
0x000000f89b0fe0d0:   000000070efca658 0000000000000002
0x000000f89b0fe0e0:   000000070efca738 000000070efcb7c8
0x000000f89b0fe0f0:   e1df9802e1df96f9 000000070efcc010
0x000000f89b0fe100:   000000070efcc010 e1df99e6e1dfa3d5
0x000000f89b0fe110:   000000070efd1ea8 000000070efccf30
0x000000f89b0fe120:   000000070efccf30 e1df9daee1df9bca
0x000000f89b0fe130:   000000070efcde50 000000070efced70
0x000000f89b0fe140:   000000070efced70 000000070efcde50
0x000000f89b0fe150:   000000070efd0bb0 000000070efd1ad0
0x000000f89b0fe160:   0000000000000000 0000000000000000
0x000000f89b0fe170:   0000000000000000 00000000e0d07878
0x000000f89b0fe180:   00000000e1e884c0 e1e87ee1e1e89735
0x000000f89b0fe190:   0000000000000000 e1e880af00000000
0x000000f89b0fe1a0:   0000000000000000 000000070f41a8c0 

Instructions: (pc=0x00000203bf2156f7)
0x00000203bf2155f7:   8b 94 24 c8 00 00 00 47 8b 94 d4 94 00 00 00 44
0x00000203bf215607:   89 94 24 d0 00 00 00 c4 c1 f9 7e c2 45 8b 52 38
0x00000203bf215617:   44 89 94 24 d4 00 00 00 44 8b 94 24 c8 00 00 00
0x00000203bf215627:   47 8b 94 d4 c4 00 00 00 44 89 94 24 d8 00 00 00
0x00000203bf215637:   4c 63 94 24 d4 00 00 00 4c 89 94 24 e0 00 00 00
0x00000203bf215647:   4c 63 94 24 d4 00 00 00 8b b4 24 d4 00 00 00 f7
0x00000203bf215657:   de 3b f6 8b ce 0f 4c ce 3b ce 0f 4c ce 3b ce 0f
0x00000203bf215667:   4c ce 3b ce 0f 4c ce 3b ce 0f 4c ce 3b ce 0f 4c
0x00000203bf215677:   ce 41 b8 02 00 00 00 41 3b c8 41 bb 02 00 00 00
0x00000203bf215687:   41 0f 4c cb 44 8b 84 24 d4 00 00 00 41 ff c0 44
0x00000203bf215697:   8b 9c 24 c8 00 00 00 47 8b 9c dc 88 00 00 00 44
0x00000203bf2156a7:   89 9c 24 dc 00 00 00 44 8b 9c 24 c8 00 00 00 47
0x00000203bf2156b7:   8b 9c dc a8 00 00 00 44 89 9c 24 e8 00 00 00 44
0x00000203bf2156c7:   8b 9c 24 c8 00 00 00 47 8b 5c dc 78 44 89 9c 24
0x00000203bf2156d7:   ec 00 00 00 44 8b 9c 24 e8 00 00 00 49 c1 e3 03
0x00000203bf2156e7:   4c 89 9c 24 f0 00 00 00 44 8b 9c 24 e8 00 00 00
0x00000203bf2156f7:   47 8b 5c dc 0c 44 89 9c 24 f8 00 00 00 44 8b 9c
0x00000203bf215707:   24 c8 00 00 00 47 8b 9c dc b0 00 00 00 44 89 9c
0x00000203bf215717:   24 fc 00 00 00 44 8b 9c 24 c8 00 00 00 47 8b 9c
0x00000203bf215727:   dc 8c 00 00 00 44 89 9c 24 00 01 00 00 44 8b 9c
0x00000203bf215737:   24 c8 00 00 00 47 8b 9c dc 90 00 00 00 44 89 9c
0x00000203bf215747:   24 04 01 00 00 44 8b 9c 24 d0 00 00 00 45 85 db
0x00000203bf215757:   0f 84 7c 1e 00 00 47 8b 5c dc 0c 44 89 9c 24 08
0x00000203bf215767:   01 00 00 44 8b 9c 24 d0 00 00 00 49 c1 e3 03 4c
0x00000203bf215777:   89 9c 24 10 01 00 00 44 8b 9c 24 e8 00 00 00 45
0x00000203bf215787:   85 db 0f 85 95 06 00 00 44 8b 9c 24 dc 00 00 00
0x00000203bf215797:   45 85 db 0f 84 ef 41 00 00 47 8b 5c dc 0c 44 89
0x00000203bf2157a7:   9c 24 e8 00 00 00 45 85 db 0f 86 eb 47 00 00 44
0x00000203bf2157b7:   8b 9c 24 dc 00 00 00 47 8b 5c dc 10 44 03 9c 24
0x00000203bf2157c7:   cc 00 00 00 44 8b 4c 24 44 45 85 c9 0f 84 e5 41
0x00000203bf2157d7:   00 00 47 8b 4c cc 0c 44 89 8c 24 f0 00 00 00 44
0x00000203bf2157e7:   8b 8c 24 d4 00 00 00 44 3b 8c 24 f0 00 00 00 0f 


Stack slot to memory mapping:
stack at sp + 0 slots: 0x0000000000000006 is an unknown value
stack at sp + 1 slots: 0x0000000000000004 is an unknown value
stack at sp + 2 slots: 0x0000000000040005 is an unknown value
stack at sp + 3 slots: 0x0000020300000042 is an unknown value
stack at sp + 4 slots: 0x000000070efca658 is an oop: [Lel; 
{0x000000070efca658} - klass: 'el'[]
 - length: 2
stack at sp + 5 slots: 0x0000000000000002 is an unknown value
stack at sp + 6 slots: 
[error occurred during error reporting (inspecting top of stack), id 0xc0000005, EXCEPTION_ACCESS_VIOLATION (0xc0000005) at pc=0x0000006700000067]



---------------  P R O C E S S  ---------------

Threads class SMR info:
_java_thread_list=0x00000203e2c9aaa0, length=33, elements={
0x00000203d1667000, 0x00000203d1668000, 0x00000203d1680000, 0x00000203d1681800,
0x00000203d1683800, 0x00000203d1687800, 0x00000203d168a800, 0x00000203d2034800,
0x00000203d209d800, 0x00000203d20c0000, 0x00000203d20ee000, 0x00000203d23fb000,
0x00000203d2afb800, 0x00000203d2afc000, 0x00000203d2aff000, 0x00000203d2d07000,
0x00000203d304b000, 0x00000203d2f9c000, 0x00000203d33bb800, 0x00000203d33bd000,
0x00000203d33b8800, 0x00000203e15f9000, 0x00000203e15f8000, 0x00000203e1600000,
0x00000203e1606800, 0x00000203e1604000, 0x00000203e1601000, 0x00000203e1606000,
0x00000203e1602000, 0x00000203e1602800, 0x00000203e1603800, 0x00000203e53dd000,
0x00000203e53dc800
}

Java Threads: ( => current thread )
  0x00000203d1667000 JavaThread "Reference Handler" daemon [_thread_blocked, id=13376, stack(0x000000f898900000,0x000000f898a00000)]
  0x00000203d1668000 JavaThread "Finalizer" daemon [_thread_blocked, id=11332, stack(0x000000f898a00000,0x000000f898b00000)]
  0x00000203d1680000 JavaThread "Signal Dispatcher" daemon [_thread_blocked, id=14520, stack(0x000000f898b00000,0x000000f898c00000)]
  0x00000203d1681800 JavaThread "Attach Listener" daemon [_thread_blocked, id=13872, stack(0x000000f898c00000,0x000000f898d00000)]
  0x00000203d1683800 JavaThread "C2 CompilerThread0" daemon [_thread_blocked, id=1392, stack(0x000000f898d00000,0x000000f898e00000)]
  0x00000203d1687800 JavaThread "C1 CompilerThread0" daemon [_thread_blocked, id=12084, stack(0x000000f898e00000,0x000000f898f00000)]
  0x00000203d168a800 JavaThread "Sweeper thread" daemon [_thread_blocked, id=5140, stack(0x000000f898f00000,0x000000f899000000)]
  0x00000203d2034800 JavaThread "Common-Cleaner" daemon [_thread_blocked, id=9356, stack(0x000000f899000000,0x000000f899100000)]
  0x00000203d209d800 JavaThread "JDWP Transport Listener: dt_socket" daemon [_thread_blocked, id=13984, stack(0x000000f899100000,0x000000f899200000)]
  0x00000203d20c0000 JavaThread "JDWP Event Helper Thread" daemon [_thread_blocked, id=7820, stack(0x000000f899200000,0x000000f899300000)]
  0x00000203d20ee000 JavaThread "JDWP Command Reader" daemon [_thread_in_native, id=11228, stack(0x000000f899300000,0x000000f899400000)]
  0x00000203d23fb000 JavaThread "Service Thread" daemon [_thread_blocked, id=8452, stack(0x000000f899400000,0x000000f899500000)]
  0x00000203d2afb800 JavaThread "Java2D Disposer" daemon [_thread_blocked, id=8580, stack(0x000000f899600000,0x000000f899700000)]
  0x00000203d2afc000 JavaThread "AWT-Shutdown" [_thread_blocked, id=9552, stack(0x000000f899700000,0x000000f899800000)]
  0x00000203d2aff000 JavaThread "AWT-Windows" daemon [_thread_in_native, id=9968, stack(0x000000f899800000,0x000000f899900000)]
  0x00000203d2d07000 JavaThread "AWT-EventQueue-0" [_thread_blocked, id=13016, stack(0x000000f899900000,0x000000f899a00000)]
  0x00000203d304b000 JavaThread "TimerQueue" daemon [_thread_blocked, id=5292, stack(0x000000f89a100000,0x000000f89a200000)]
  0x00000203d2f9c000 JavaThread "D3D Screen Updater" daemon [_thread_blocked, id=10660, stack(0x000000f89a200000,0x000000f89a300000)]
  0x00000203d33bb800 JavaThread "pool-2-thread-1" [_thread_blocked, id=11328, stack(0x000000f89a800000,0x000000f89a900000)]
  0x00000203d33bd000 JavaThread "Thread-2" daemon [_thread_blocked, id=14636, stack(0x000000f89af00000,0x000000f89b000000)]
=>0x00000203d33b8800 JavaThread "Client" daemon [_thread_in_Java, id=8156, stack(0x000000f89b000000,0x000000f89b100000)]
  0x00000203e15f9000 JavaThread "Thread-4" daemon [_thread_blocked, id=9436, stack(0x000000f89b100000,0x000000f89b200000)]
  0x00000203e15f8000 JavaThread "Thread-6" daemon [_thread_blocked, id=4592, stack(0x000000f89b400000,0x000000f89b500000)]
  0x00000203e1600000 JavaThread "pool-4-thread-1" [_thread_blocked, id=2700, stack(0x000000f89b600000,0x000000f89b700000)]
  0x00000203e1606800 JavaThread "Trident callback thread" daemon [_thread_blocked, id=13488, stack(0x000000f89c200000,0x000000f89c300000)]
  0x00000203e1604000 JavaThread "Trident pulse source thread" daemon [_thread_blocked, id=8780, stack(0x000000f89c300000,0x000000f89c400000)]
  0x00000203e1601000 JavaThread "Java Sound Event Dispatcher" daemon [_thread_blocked, id=8468, stack(0x000000f89c400000,0x000000f89c500000)]
  0x00000203e1606000 JavaThread "pool-5-thread-1" [_thread_blocked, id=12320, stack(0x000000f89c700000,0x000000f89c800000)]
  0x00000203e1602000 JavaThread "Thread-15" daemon [_thread_blocked, id=10792, stack(0x000000f89cb00000,0x000000f89cc00000)]
  0x00000203e1602800 JavaThread "DestroyJavaVM" [_thread_blocked, id=11096, stack(0x000000f898200000,0x000000f898300000)]
  0x00000203e1603800 JavaThread "Client-SharedResourceRunner" daemon [_thread_blocked, id=10620, stack(0x000000f89cd00000,0x000000f89ce00000)]
  0x00000203e53dd000 JavaThread "Thread-18" daemon [_thread_in_native, id=8244, stack(0x000000f897f00000,0x000000f898000000)]
  0x00000203e53dc800 JavaThread "Thread-19" daemon [_thread_blocked, id=7020, stack(0x000000f898000000,0x000000f898100000)]

Other Threads:
  0x00000203d1663800 VMThread "VM Thread" [stack: 0x000000f898800000,0x000000f898900000] [id=1912]
  0x00000203d23f6800 WatcherThread [stack: 0x000000f899500000,0x000000f899600000] [id=5852]
  0x00000203ae0f4800 GCTaskThread "GC Thread#0" [stack: 0x000000f898300000,0x000000f898400000] [id=15312]
  0x00000203d301d000 GCTaskThread "GC Thread#1" [stack: 0x000000f899c00000,0x000000f899d00000] [id=10764]
  0x00000203d3005800 GCTaskThread "GC Thread#2" [stack: 0x000000f899d00000,0x000000f899e00000] [id=7208]
  0x00000203d3006000 GCTaskThread "GC Thread#3" [stack: 0x000000f899e00000,0x000000f899f00000] [id=9992]
  0x00000203d3007000 GCTaskThread "GC Thread#4" [stack: 0x000000f899f00000,0x000000f89a000000] [id=1164]
  0x00000203d3007800 GCTaskThread "GC Thread#5" [stack: 0x000000f89a000000,0x000000f89a100000] [id=15300]
  0x00000203ae10e000 ConcurrentGCThread "G1 Main Marker" [stack: 0x000000f898400000,0x000000f898500000] [id=13424]
  0x00000203ae111000 ConcurrentGCThread "G1 Conc#0" [stack: 0x000000f898500000,0x000000f898600000] [id=12252]
  0x00000203d33dd800 ConcurrentGCThread "G1 Conc#1" [stack: 0x000000f89a700000,0x000000f89a800000] [id=13796]
  0x00000203d155d800 ConcurrentGCThread "G1 Refine#0" [stack: 0x000000f898600000,0x000000f898700000] [id=13188]
  0x00000203d155e000 ConcurrentGCThread "G1 Young RemSet Sampling" [stack: 0x000000f898700000,0x000000f898800000] [id=8900]

Threads with active compile tasks:

VM state:not at safepoint (normal execution)

VM Mutex/Monitor currently owned by a thread: None

Heap address: 0x0000000701000000, size: 4080 MB, Compressed Oops mode: Zero based, Oop shift amount: 3
Narrow klass base: 0x0000000800000000, Narrow klass shift: 3
Compressed class space size: 1073741824 Address: 0x0000000801190000

Heap:
 garbage-first heap   total 331776K, used 267494K [0x0000000701000000, 0x0000000800000000)
  region size 1024K, 105 young (107520K), 3 survivors (3072K)
 Metaspace       used 70888K, capacity 73000K, committed 73136K, reserved 1114112K
  class space    used 7005K, capacity 7860K, committed 7936K, reserved 1048576K
Heap Regions: E=young(eden), S=young(survivor), O=old, HS=humongous(starts), HC=humongous(continues), CS=collection set, F=free, A=archive, TAMS=top-at-mark-start (previous, next)
|   0|0x0000000701000000, 0x0000000701100000, 0x0000000701100000|100%| O|  |TAMS 0x0000000701100000, 0x0000000701000000| Untracked 
|   1|0x0000000701100000, 0x0000000701200000, 0x0000000701200000|100%| O|  |TAMS 0x0000000701200000, 0x0000000701100000| Untracked 
|   2|0x0000000701200000, 0x0000000701300000, 0x0000000701300000|100%| O|  |TAMS 0x0000000701300000, 0x0000000701200000| Untracked 
|   3|0x0000000701300000, 0x0000000701400000, 0x0000000701400000|100%| O|  |TAMS 0x0000000701400000, 0x0000000701300000| Untracked 
|   4|0x0000000701400000, 0x0000000701500000, 0x0000000701500000|100%| O|  |TAMS 0x0000000701500000, 0x0000000701400000| Untracked 
|   5|0x0000000701500000, 0x0000000701600000, 0x0000000701600000|100%| O|  |TAMS 0x0000000701600000, 0x0000000701500000| Untracked 
|   6|0x0000000701600000, 0x0000000701700000, 0x0000000701700000|100%| O|  |TAMS 0x0000000701700000, 0x0000000701600000| Untracked 
|   7|0x0000000701700000, 0x0000000701800000, 0x0000000701800000|100%| O|  |TAMS 0x0000000701800000, 0x0000000701700000| Untracked 
|   8|0x0000000701800000, 0x0000000701900000, 0x0000000701900000|100%| O|  |TAMS 0x0000000701900000, 0x0000000701800000| Untracked 
|   9|0x0000000701900000, 0x0000000701a00000, 0x0000000701a00000|100%| O|  |TAMS 0x0000000701a00000, 0x0000000701900000| Untracked 
|  10|0x0000000701a00000, 0x0000000701b00000, 0x0000000701b00000|100%| O|  |TAMS 0x0000000701b00000, 0x0000000701a00000| Untracked 
|  11|0x0000000701b00000, 0x0000000701c00000, 0x0000000701c00000|100%| O|  |TAMS 0x0000000701c00000, 0x0000000701b00000| Untracked 
|  12|0x0000000701c00000, 0x0000000701d00000, 0x0000000701d00000|100%| O|  |TAMS 0x0000000701d00000, 0x0000000701c00000| Untracked 
|  13|0x0000000701d00000, 0x0000000701e00000, 0x0000000701e00000|100%| O|  |TAMS 0x0000000701e00000, 0x0000000701d00000| Untracked 
|  14|0x0000000701e00000, 0x0000000701f00000, 0x0000000701f00000|100%| O|  |TAMS 0x0000000701f00000, 0x0000000701e00000| Untracked 
|  15|0x0000000701f00000, 0x0000000702000000, 0x0000000702000000|100%| O|  |TAMS 0x0000000702000000, 0x0000000701f00000| Untracked 
|  16|0x0000000702000000, 0x0000000702100000, 0x0000000702100000|100%| O|  |TAMS 0x0000000702100000, 0x0000000702000000| Untracked 
|  17|0x0000000702100000, 0x0000000702200000, 0x0000000702200000|100%| O|  |TAMS 0x0000000702200000, 0x0000000702100000| Untracked 
|  18|0x0000000702200000, 0x0000000702300000, 0x0000000702300000|100%| O|  |TAMS 0x0000000702300000, 0x0000000702200000| Untracked 
|  19|0x0000000702300000, 0x0000000702400000, 0x0000000702400000|100%| O|  |TAMS 0x0000000702400000, 0x0000000702300000| Untracked 
|  20|0x0000000702400000, 0x0000000702500000, 0x0000000702500000|100%| O|  |TAMS 0x0000000702500000, 0x0000000702400000| Untracked 
|  21|0x0000000702500000, 0x0000000702600000, 0x0000000702600000|100%| O|  |TAMS 0x0000000702600000, 0x0000000702500000| Untracked 
|  22|0x0000000702600000, 0x0000000702700000, 0x0000000702700000|100%| O|  |TAMS 0x0000000702700000, 0x0000000702600000| Untracked 
|  23|0x0000000702700000, 0x0000000702800000, 0x0000000702800000|100%| O|  |TAMS 0x0000000702800000, 0x0000000702700000| Untracked 
|  24|0x0000000702800000, 0x0000000702900000, 0x0000000702900000|100%| O|  |TAMS 0x0000000702900000, 0x0000000702800000| Untracked 
|  25|0x0000000702900000, 0x0000000702a00000, 0x0000000702a00000|100%| O|  |TAMS 0x0000000702a00000, 0x0000000702900000| Untracked 
|  26|0x0000000702a00000, 0x0000000702b00000, 0x0000000702b00000|100%| O|  |TAMS 0x0000000702b00000, 0x0000000702a00000| Untracked 
|  27|0x0000000702b00000, 0x0000000702c00000, 0x0000000702c00000|100%| O|  |TAMS 0x0000000702c00000, 0x0000000702b00000| Untracked 
|  28|0x0000000702c00000, 0x0000000702d00000, 0x0000000702d00000|100%| O|  |TAMS 0x0000000702d00000, 0x0000000702c00000| Untracked 
|  29|0x0000000702d00000, 0x0000000702e00000, 0x0000000702e00000|100%| O|  |TAMS 0x0000000702e00000, 0x0000000702d00000| Untracked 
|  30|0x0000000702e00000, 0x0000000702f00000, 0x0000000702f00000|100%| O|  |TAMS 0x0000000702f00000, 0x0000000702e00000| Untracked 
|  31|0x0000000702f00000, 0x0000000703000000, 0x0000000703000000|100%| O|  |TAMS 0x0000000703000000, 0x0000000702f00000| Untracked 
|  32|0x0000000703000000, 0x0000000703100000, 0x0000000703100000|100%| O|  |TAMS 0x0000000703100000, 0x0000000703000000| Untracked 
|  33|0x0000000703100000, 0x0000000703200000, 0x0000000703200000|100%| O|  |TAMS 0x0000000703200000, 0x0000000703100000| Untracked 
|  34|0x0000000703200000, 0x0000000703300000, 0x0000000703300000|100%| O|  |TAMS 0x0000000703300000, 0x0000000703200000| Untracked 
|  35|0x0000000703300000, 0x0000000703400000, 0x0000000703400000|100%| O|  |TAMS 0x0000000703400000, 0x0000000703300000| Untracked 
|  36|0x0000000703400000, 0x0000000703500000, 0x0000000703500000|100%| O|  |TAMS 0x0000000703500000, 0x0000000703400000| Untracked 
|  37|0x0000000703500000, 0x0000000703600000, 0x0000000703600000|100%| O|  |TAMS 0x0000000703600000, 0x0000000703500000| Untracked 
|  38|0x0000000703600000, 0x0000000703700000, 0x0000000703700000|100%| O|  |TAMS 0x0000000703700000, 0x0000000703600000| Untracked 
|  39|0x0000000703700000, 0x0000000703800000, 0x0000000703800000|100%| O|  |TAMS 0x0000000703800000, 0x0000000703700000| Untracked 
|  40|0x0000000703800000, 0x0000000703900000, 0x0000000703900000|100%| O|  |TAMS 0x0000000703900000, 0x0000000703800000| Untracked 
|  41|0x0000000703900000, 0x0000000703a00000, 0x0000000703a00000|100%| O|  |TAMS 0x0000000703a00000, 0x0000000703900000| Untracked 
|  42|0x0000000703a00000, 0x0000000703b00000, 0x0000000703b00000|100%| O|  |TAMS 0x0000000703b00000, 0x0000000703a00000| Untracked 
|  43|0x0000000703b00000, 0x0000000703c00000, 0x0000000703c00000|100%| O|  |TAMS 0x0000000703c00000, 0x0000000703b00000| Untracked 
|  44|0x0000000703c00000, 0x0000000703d00000, 0x0000000703d00000|100%| O|  |TAMS 0x0000000703d00000, 0x0000000703c00000| Untracked 
|  45|0x0000000703d00000, 0x0000000703e00000, 0x0000000703e00000|100%| O|  |TAMS 0x0000000703e00000, 0x0000000703d00000| Untracked 
|  46|0x0000000703e00000, 0x0000000703f00000, 0x0000000703f00000|100%| O|  |TAMS 0x0000000703f00000, 0x0000000703e00000| Untracked 
|  47|0x0000000703f00000, 0x0000000704000000, 0x0000000704000000|100%| O|  |TAMS 0x0000000704000000, 0x0000000703f00000| Untracked 
|  48|0x0000000704000000, 0x0000000704100000, 0x0000000704100000|100%| O|  |TAMS 0x0000000704100000, 0x0000000704000000| Untracked 
|  49|0x0000000704100000, 0x0000000704200000, 0x0000000704200000|100%| O|  |TAMS 0x0000000704200000, 0x0000000704100000| Untracked 
|  50|0x0000000704200000, 0x0000000704300000, 0x0000000704300000|100%| O|  |TAMS 0x0000000704300000, 0x0000000704200000| Untracked 
|  51|0x0000000704300000, 0x0000000704400000, 0x0000000704400000|100%| O|  |TAMS 0x0000000704400000, 0x0000000704300000| Untracked 
|  52|0x0000000704400000, 0x0000000704500000, 0x0000000704500000|100%| O|  |TAMS 0x0000000704500000, 0x0000000704400000| Untracked 
|  53|0x0000000704500000, 0x0000000704600000, 0x0000000704600000|100%| O|  |TAMS 0x0000000704600000, 0x0000000704500000| Untracked 
|  54|0x0000000704600000, 0x0000000704700000, 0x0000000704700000|100%| O|  |TAMS 0x0000000704700000, 0x0000000704600000| Untracked 
|  55|0x0000000704700000, 0x0000000704800000, 0x0000000704800000|100%| O|  |TAMS 0x0000000704800000, 0x0000000704700000| Untracked 
|  56|0x0000000704800000, 0x0000000704900000, 0x0000000704900000|100%| O|  |TAMS 0x0000000704900000, 0x0000000704800000| Untracked 
|  57|0x0000000704900000, 0x0000000704a00000, 0x0000000704a00000|100%| O|  |TAMS 0x0000000704a00000, 0x0000000704900000| Untracked 
|  58|0x0000000704a00000, 0x0000000704b00000, 0x0000000704b00000|100%| O|  |TAMS 0x0000000704b00000, 0x0000000704a00000| Untracked 
|  59|0x0000000704b00000, 0x0000000704c00000, 0x0000000704c00000|100%| O|  |TAMS 0x0000000704c00000, 0x0000000704b00000| Untracked 
|  60|0x0000000704c00000, 0x0000000704d00000, 0x0000000704d00000|100%| O|  |TAMS 0x0000000704d00000, 0x0000000704c00000| Untracked 
|  61|0x0000000704d00000, 0x0000000704e00000, 0x0000000704e00000|100%| O|  |TAMS 0x0000000704e00000, 0x0000000704d00000| Untracked 
|  62|0x0000000704e00000, 0x0000000704f00000, 0x0000000704f00000|100%| O|  |TAMS 0x0000000704f00000, 0x0000000704e00000| Untracked 
|  63|0x0000000704f00000, 0x0000000705000000, 0x0000000705000000|100%| O|  |TAMS 0x0000000705000000, 0x0000000704f00000| Untracked 
|  64|0x0000000705000000, 0x0000000705100000, 0x0000000705100000|100%| O|  |TAMS 0x0000000705100000, 0x0000000705000000| Untracked 
|  65|0x0000000705100000, 0x0000000705200000, 0x0000000705200000|100%| O|  |TAMS 0x0000000705200000, 0x0000000705100000| Untracked 
|  66|0x0000000705200000, 0x0000000705300000, 0x0000000705300000|100%| O|  |TAMS 0x0000000705300000, 0x0000000705200000| Untracked 
|  67|0x0000000705300000, 0x0000000705400000, 0x0000000705400000|100%| O|  |TAMS 0x0000000705400000, 0x0000000705300000| Untracked 
|  68|0x0000000705400000, 0x0000000705500000, 0x0000000705500000|100%| O|  |TAMS 0x0000000705500000, 0x0000000705400000| Untracked 
|  69|0x0000000705500000, 0x0000000705600000, 0x0000000705600000|100%| O|  |TAMS 0x0000000705600000, 0x0000000705500000| Untracked 
|  70|0x0000000705600000, 0x0000000705700000, 0x0000000705700000|100%|HS|  |TAMS 0x0000000705700000, 0x0000000705600000| Complete 
|  71|0x0000000705700000, 0x0000000705800000, 0x0000000705800000|100%|HS|  |TAMS 0x0000000705800000, 0x0000000705700000| Complete 
|  72|0x0000000705800000, 0x0000000705900000, 0x0000000705900000|100%|HC|  |TAMS 0x0000000705900000, 0x0000000705800000| Complete 
|  73|0x0000000705900000, 0x0000000705a00000, 0x0000000705a00000|100%| O|  |TAMS 0x0000000705a00000, 0x0000000705900000| Untracked 
|  74|0x0000000705a00000, 0x0000000705b00000, 0x0000000705b00000|100%| O|  |TAMS 0x0000000705b00000, 0x0000000705a00000| Untracked 
|  75|0x0000000705b00000, 0x0000000705c00000, 0x0000000705c00000|100%|HS|  |TAMS 0x0000000705c00000, 0x0000000705b00000| Complete 
|  76|0x0000000705c00000, 0x0000000705d00000, 0x0000000705d00000|100%| O|  |TAMS 0x0000000705d00000, 0x0000000705c00000| Untracked 
|  77|0x0000000705d00000, 0x0000000705e00000, 0x0000000705e00000|100%| O|  |TAMS 0x0000000705e00000, 0x0000000705d00000| Untracked 
|  78|0x0000000705e00000, 0x0000000705f00000, 0x0000000705f00000|100%| O|  |TAMS 0x0000000705f00000, 0x0000000705e00000| Untracked 
|  79|0x0000000705f00000, 0x0000000706000000, 0x0000000706000000|100%| O|  |TAMS 0x0000000706000000, 0x0000000705f00000| Untracked 
|  80|0x0000000706000000, 0x0000000706100000, 0x0000000706100000|100%| O|  |TAMS 0x0000000706100000, 0x0000000706000000| Untracked 
|  81|0x0000000706100000, 0x0000000706200000, 0x0000000706200000|100%| O|  |TAMS 0x0000000706200000, 0x0000000706100000| Untracked 
|  82|0x0000000706200000, 0x0000000706300000, 0x0000000706300000|100%| O|  |TAMS 0x0000000706300000, 0x0000000706200000| Untracked 
|  83|0x0000000706300000, 0x0000000706400000, 0x0000000706400000|100%| O|  |TAMS 0x0000000706400000, 0x0000000706300000| Untracked 
|  84|0x0000000706400000, 0x0000000706500000, 0x0000000706500000|100%| O|  |TAMS 0x0000000706500000, 0x0000000706400000| Untracked 
|  85|0x0000000706500000, 0x0000000706600000, 0x0000000706600000|100%| O|  |TAMS 0x0000000706600000, 0x0000000706500000| Untracked 
|  86|0x0000000706600000, 0x0000000706700000, 0x0000000706700000|100%| O|  |TAMS 0x0000000706700000, 0x0000000706600000| Untracked 
|  87|0x0000000706700000, 0x0000000706800000, 0x0000000706800000|100%| O|  |TAMS 0x0000000706800000, 0x0000000706700000| Untracked 
|  88|0x0000000706800000, 0x0000000706900000, 0x0000000706900000|100%| O|  |TAMS 0x0000000706900000, 0x0000000706800000| Untracked 
|  89|0x0000000706900000, 0x0000000706a00000, 0x0000000706a00000|100%| O|  |TAMS 0x0000000706a00000, 0x0000000706900000| Untracked 
|  90|0x0000000706a00000, 0x0000000706b00000, 0x0000000706b00000|100%| O|  |TAMS 0x0000000706b00000, 0x0000000706a00000| Untracked 
|  91|0x0000000706b00000, 0x0000000706c00000, 0x0000000706c00000|100%| O|  |TAMS 0x0000000706c00000, 0x0000000706b00000| Untracked 
|  92|0x0000000706c00000, 0x0000000706d00000, 0x0000000706d00000|100%| O|  |TAMS 0x0000000706d00000, 0x0000000706c00000| Untracked 
|  93|0x0000000706d00000, 0x0000000706e00000, 0x0000000706e00000|100%| O|  |TAMS 0x0000000706e00000, 0x0000000706d00000| Untracked 
|  94|0x0000000706e00000, 0x0000000706f00000, 0x0000000706f00000|100%| O|  |TAMS 0x0000000706f00000, 0x0000000706e00000| Untracked 
|  95|0x0000000706f00000, 0x0000000707000000, 0x0000000707000000|100%| O|  |TAMS 0x0000000707000000, 0x0000000706f00000| Untracked 
|  96|0x0000000707000000, 0x0000000707100000, 0x0000000707100000|100%| O|  |TAMS 0x0000000707100000, 0x0000000707000000| Untracked 
|  97|0x0000000707100000, 0x0000000707100000, 0x0000000707200000|  0%| F|  |TAMS 0x0000000707100000, 0x0000000707100000| Untracked 
|  98|0x0000000707200000, 0x0000000707300000, 0x0000000707300000|100%| O|  |TAMS 0x0000000707300000, 0x0000000707200000| Untracked 
|  99|0x0000000707300000, 0x0000000707400000, 0x0000000707400000|100%| O|  |TAMS 0x0000000707400000, 0x0000000707300000| Untracked 
| 100|0x0000000707400000, 0x0000000707500000, 0x0000000707500000|100%| O|  |TAMS 0x0000000707500000, 0x0000000707400000| Untracked 
| 101|0x0000000707500000, 0x00000007075c8200, 0x0000000707600000| 78%| O|  |TAMS 0x00000007075bfe00, 0x0000000707500000| Untracked 
| 102|0x0000000707600000, 0x0000000707700000, 0x0000000707700000|100%| O|  |TAMS 0x0000000707700000, 0x0000000707600000| Untracked 
| 103|0x0000000707700000, 0x0000000707800000, 0x0000000707800000|100%| O|  |TAMS 0x0000000707800000, 0x0000000707700000| Untracked 
| 104|0x0000000707800000, 0x0000000707900000, 0x0000000707900000|100%| O|  |TAMS 0x0000000707900000, 0x0000000707800000| Untracked 
| 105|0x0000000707900000, 0x0000000707a00000, 0x0000000707a00000|100%| O|  |TAMS 0x0000000707a00000, 0x0000000707900000| Untracked 
| 106|0x0000000707a00000, 0x0000000707b00000, 0x0000000707b00000|100%| O|  |TAMS 0x0000000707b00000, 0x0000000707a00000| Untracked 
| 107|0x0000000707b00000, 0x0000000707c00000, 0x0000000707c00000|100%| O|  |TAMS 0x0000000707c00000, 0x0000000707b00000| Untracked 
| 108|0x0000000707c00000, 0x0000000707d00000, 0x0000000707d00000|100%| O|  |TAMS 0x0000000707d00000, 0x0000000707c00000| Untracked 
| 109|0x0000000707d00000, 0x0000000707e00000, 0x0000000707e00000|100%| O|  |TAMS 0x0000000707e00000, 0x0000000707d00000| Untracked 
| 110|0x0000000707e00000, 0x0000000707f00000, 0x0000000707f00000|100%| O|  |TAMS 0x0000000707f00000, 0x0000000707e00000| Untracked 
| 111|0x0000000707f00000, 0x0000000708000000, 0x0000000708000000|100%| O|  |TAMS 0x0000000708000000, 0x0000000707f00000| Untracked 
| 112|0x0000000708000000, 0x0000000708100000, 0x0000000708100000|100%| O|  |TAMS 0x0000000708100000, 0x0000000708000000| Untracked 
| 113|0x0000000708100000, 0x0000000708200000, 0x0000000708200000|100%| O|  |TAMS 0x0000000708200000, 0x0000000708100000| Untracked 
| 114|0x0000000708200000, 0x0000000708300000, 0x0000000708300000|100%| O|  |TAMS 0x0000000708300000, 0x0000000708200000| Untracked 
| 115|0x0000000708300000, 0x0000000708300000, 0x0000000708400000|  0%| F|  |TAMS 0x0000000708300000, 0x0000000708300000| Untracked 
| 116|0x0000000708400000, 0x0000000708500000, 0x0000000708500000|100%| O|  |TAMS 0x0000000708500000, 0x0000000708400000| Untracked 
| 117|0x0000000708500000, 0x0000000708600000, 0x0000000708600000|100%| O|  |TAMS 0x0000000708600000, 0x0000000708500000| Untracked 
| 118|0x0000000708600000, 0x0000000708700000, 0x0000000708700000|100%| O|  |TAMS 0x0000000708700000, 0x0000000708600000| Untracked 
| 119|0x0000000708700000, 0x0000000708800000, 0x0000000708800000|100%| O|  |TAMS 0x0000000708800000, 0x0000000708700000| Untracked 
| 120|0x0000000708800000, 0x0000000708900000, 0x0000000708900000|100%| O|  |TAMS 0x0000000708900000, 0x0000000708800000| Untracked 
| 121|0x0000000708900000, 0x0000000708a00000, 0x0000000708a00000|100%| O|  |TAMS 0x0000000708a00000, 0x0000000708900000| Untracked 
| 122|0x0000000708a00000, 0x0000000708b00000, 0x0000000708b00000|100%|HS|  |TAMS 0x0000000708b00000, 0x0000000708a00000| Complete 
| 123|0x0000000708b00000, 0x0000000708c00000, 0x0000000708c00000|100%| O|  |TAMS 0x0000000708c00000, 0x0000000708b00000| Untracked 
| 124|0x0000000708c00000, 0x0000000708d00000, 0x0000000708d00000|100%| O|  |TAMS 0x0000000708d00000, 0x0000000708c00000| Untracked 
| 125|0x0000000708d00000, 0x0000000708e00000, 0x0000000708e00000|100%| O|  |TAMS 0x0000000708e00000, 0x0000000708d00000| Untracked 
| 126|0x0000000708e00000, 0x0000000708f00000, 0x0000000708f00000|100%|HS|  |TAMS 0x0000000708f00000, 0x0000000708e00000| Complete 
| 127|0x0000000708f00000, 0x0000000709000000, 0x0000000709000000|100%|HC|  |TAMS 0x0000000709000000, 0x0000000708f00000| Complete 
| 128|0x0000000709000000, 0x0000000709100000, 0x0000000709100000|100%|HC|  |TAMS 0x0000000709100000, 0x0000000709000000| Complete 
| 129|0x0000000709100000, 0x0000000709200000, 0x0000000709200000|100%| O|  |TAMS 0x0000000709200000, 0x0000000709100000| Untracked 
| 130|0x0000000709200000, 0x0000000709300000, 0x0000000709300000|100%| O|  |TAMS 0x0000000709300000, 0x0000000709200000| Untracked 
| 131|0x0000000709300000, 0x0000000709300000, 0x0000000709400000|  0%| F|  |TAMS 0x0000000709300000, 0x0000000709300000| Untracked 
| 132|0x0000000709400000, 0x0000000709400000, 0x0000000709500000|  0%| F|  |TAMS 0x0000000709400000, 0x0000000709400000| Untracked 
| 133|0x0000000709500000, 0x0000000709600000, 0x0000000709600000|100%| O|  |TAMS 0x0000000709600000, 0x0000000709500000| Untracked 
| 134|0x0000000709600000, 0x0000000709700000, 0x0000000709700000|100%| O|  |TAMS 0x0000000709700000, 0x0000000709600000| Untracked 
| 135|0x0000000709700000, 0x0000000709800000, 0x0000000709800000|100%| O|  |TAMS 0x0000000709800000, 0x0000000709700000| Untracked 
| 136|0x0000000709800000, 0x0000000709800000, 0x0000000709900000|  0%| F|  |TAMS 0x0000000709800000, 0x0000000709800000| Untracked 
| 137|0x0000000709900000, 0x0000000709a00000, 0x0000000709a00000|100%| O|  |TAMS 0x0000000709a00000, 0x0000000709900000| Untracked 
| 138|0x0000000709a00000, 0x0000000709b00000, 0x0000000709b00000|100%| O|  |TAMS 0x0000000709b00000, 0x0000000709a00000| Untracked 
| 139|0x0000000709b00000, 0x0000000709c00000, 0x0000000709c00000|100%| O|  |TAMS 0x0000000709c00000, 0x0000000709b00000| Untracked 
| 140|0x0000000709c00000, 0x0000000709d00000, 0x0000000709d00000|100%| O|  |TAMS 0x0000000709d00000, 0x0000000709c00000| Untracked 
| 141|0x0000000709d00000, 0x0000000709e00000, 0x0000000709e00000|100%| O|  |TAMS 0x0000000709e00000, 0x0000000709d00000| Untracked 
| 142|0x0000000709e00000, 0x0000000709f00000, 0x0000000709f00000|100%| O|  |TAMS 0x0000000709f00000, 0x0000000709e00000| Untracked 
| 143|0x0000000709f00000, 0x000000070a000000, 0x000000070a000000|100%| O|  |TAMS 0x000000070a000000, 0x0000000709f00000| Untracked 
| 144|0x000000070a000000, 0x000000070a100000, 0x000000070a100000|100%| O|  |TAMS 0x000000070a100000, 0x000000070a000000| Untracked 
| 145|0x000000070a100000, 0x000000070a200000, 0x000000070a200000|100%| O|  |TAMS 0x000000070a200000, 0x000000070a100000| Untracked 
| 146|0x000000070a200000, 0x000000070a300000, 0x000000070a300000|100%| O|  |TAMS 0x000000070a300000, 0x000000070a200000| Untracked 
| 147|0x000000070a300000, 0x000000070a400000, 0x000000070a400000|100%| O|  |TAMS 0x000000070a400000, 0x000000070a300000| Untracked 
| 148|0x000000070a400000, 0x000000070a500000, 0x000000070a500000|100%| O|  |TAMS 0x000000070a500000, 0x000000070a400000| Untracked 
| 149|0x000000070a500000, 0x000000070a600000, 0x000000070a600000|100%| O|  |TAMS 0x000000070a600000, 0x000000070a500000| Untracked 
| 150|0x000000070a600000, 0x000000070a700000, 0x000000070a700000|100%| O|  |TAMS 0x000000070a700000, 0x000000070a600000| Untracked 
| 151|0x000000070a700000, 0x000000070a800000, 0x000000070a800000|100%| O|  |TAMS 0x000000070a800000, 0x000000070a700000| Untracked 
| 152|0x000000070a800000, 0x000000070a900000, 0x000000070a900000|100%| O|  |TAMS 0x000000070a900000, 0x000000070a800000| Untracked 
| 153|0x000000070a900000, 0x000000070aa00000, 0x000000070aa00000|100%| O|  |TAMS 0x000000070aa00000, 0x000000070a900000| Untracked 
| 154|0x000000070aa00000, 0x000000070ab00000, 0x000000070ab00000|100%| O|  |TAMS 0x000000070ab00000, 0x000000070aa00000| Untracked 
| 155|0x000000070ab00000, 0x000000070ac00000, 0x000000070ac00000|100%| O|  |TAMS 0x000000070ac00000, 0x000000070ab00000| Untracked 
| 156|0x000000070ac00000, 0x000000070ad00000, 0x000000070ad00000|100%| O|  |TAMS 0x000000070ad00000, 0x000000070ac00000| Untracked 
| 157|0x000000070ad00000, 0x000000070ae00000, 0x000000070ae00000|100%| O|  |TAMS 0x000000070ae00000, 0x000000070ad00000| Untracked 
| 158|0x000000070ae00000, 0x000000070af00000, 0x000000070af00000|100%| O|  |TAMS 0x000000070af00000, 0x000000070ae00000| Untracked 
| 159|0x000000070af00000, 0x000000070b000000, 0x000000070b000000|100%| O|  |TAMS 0x000000070b000000, 0x000000070af00000| Untracked 
| 160|0x000000070b000000, 0x000000070b100000, 0x000000070b100000|100%| O|  |TAMS 0x000000070b100000, 0x000000070b000000| Untracked 
| 161|0x000000070b100000, 0x000000070b200000, 0x000000070b200000|100%| O|  |TAMS 0x000000070b200000, 0x000000070b100000| Untracked 
| 162|0x000000070b200000, 0x000000070b300000, 0x000000070b300000|100%| O|  |TAMS 0x000000070b300000, 0x000000070b200000| Untracked 
| 163|0x000000070b300000, 0x000000070b300000, 0x000000070b400000|  0%| F|  |TAMS 0x000000070b300000, 0x000000070b300000| Untracked 
| 164|0x000000070b400000, 0x000000070b400000, 0x000000070b500000|  0%| F|  |TAMS 0x000000070b400000, 0x000000070b400000| Untracked 
| 165|0x000000070b500000, 0x000000070b500000, 0x000000070b600000|  0%| F|  |TAMS 0x000000070b500000, 0x000000070b500000| Untracked 
| 166|0x000000070b600000, 0x000000070b600000, 0x000000070b700000|  0%| F|  |TAMS 0x000000070b600000, 0x000000070b600000| Untracked 
| 167|0x000000070b700000, 0x000000070b700000, 0x000000070b800000|  0%| F|  |TAMS 0x000000070b700000, 0x000000070b700000| Untracked 
| 168|0x000000070b800000, 0x000000070b800000, 0x000000070b900000|  0%| F|  |TAMS 0x000000070b800000, 0x000000070b800000| Untracked 
| 169|0x000000070b900000, 0x000000070b900000, 0x000000070ba00000|  0%| F|  |TAMS 0x000000070b900000, 0x000000070b900000| Untracked 
| 170|0x000000070ba00000, 0x000000070ba00000, 0x000000070bb00000|  0%| F|  |TAMS 0x000000070ba00000, 0x000000070ba00000| Untracked 
| 171|0x000000070bb00000, 0x000000070bb00000, 0x000000070bc00000|  0%| F|  |TAMS 0x000000070bb00000, 0x000000070bb00000| Untracked 
| 172|0x000000070bc00000, 0x000000070bc00000, 0x000000070bd00000|  0%| F|  |TAMS 0x000000070bc00000, 0x000000070bc00000| Untracked 
| 173|0x000000070bd00000, 0x000000070bd00000, 0x000000070be00000|  0%| F|  |TAMS 0x000000070bd00000, 0x000000070bd00000| Untracked 
| 174|0x000000070be00000, 0x000000070be00000, 0x000000070bf00000|  0%| F|  |TAMS 0x000000070be00000, 0x000000070be00000| Untracked 
| 175|0x000000070bf00000, 0x000000070bf00000, 0x000000070c000000|  0%| F|  |TAMS 0x000000070bf00000, 0x000000070bf00000| Untracked 
| 176|0x000000070c000000, 0x000000070c000000, 0x000000070c100000|  0%| F|  |TAMS 0x000000070c000000, 0x000000070c000000| Untracked 
| 177|0x000000070c100000, 0x000000070c100000, 0x000000070c200000|  0%| F|  |TAMS 0x000000070c100000, 0x000000070c100000| Untracked 
| 178|0x000000070c200000, 0x000000070c200000, 0x000000070c300000|  0%| F|  |TAMS 0x000000070c200000, 0x000000070c200000| Untracked 
| 179|0x000000070c300000, 0x000000070c300000, 0x000000070c400000|  0%| F|  |TAMS 0x000000070c300000, 0x000000070c300000| Untracked 
| 180|0x000000070c400000, 0x000000070c400000, 0x000000070c500000|  0%| F|  |TAMS 0x000000070c400000, 0x000000070c400000| Untracked 
| 181|0x000000070c500000, 0x000000070c500000, 0x000000070c600000|  0%| F|  |TAMS 0x000000070c500000, 0x000000070c500000| Untracked 
| 182|0x000000070c600000, 0x000000070c600000, 0x000000070c700000|  0%| F|  |TAMS 0x000000070c600000, 0x000000070c600000| Untracked 
| 183|0x000000070c700000, 0x000000070c700000, 0x000000070c800000|  0%| F|  |TAMS 0x000000070c700000, 0x000000070c700000| Untracked 
| 184|0x000000070c800000, 0x000000070c800000, 0x000000070c900000|  0%| F|  |TAMS 0x000000070c800000, 0x000000070c800000| Untracked 
| 185|0x000000070c900000, 0x000000070c900000, 0x000000070ca00000|  0%| F|  |TAMS 0x000000070c900000, 0x000000070c900000| Untracked 
| 186|0x000000070ca00000, 0x000000070ca00000, 0x000000070cb00000|  0%| F|  |TAMS 0x000000070ca00000, 0x000000070ca00000| Untracked 
| 187|0x000000070cb00000, 0x000000070cb00000, 0x000000070cc00000|  0%| F|  |TAMS 0x000000070cb00000, 0x000000070cb00000| Untracked 
| 188|0x000000070cc00000, 0x000000070cc00000, 0x000000070cd00000|  0%| F|  |TAMS 0x000000070cc00000, 0x000000070cc00000| Untracked 
| 189|0x000000070cd00000, 0x000000070cd00000, 0x000000070ce00000|  0%| F|  |TAMS 0x000000070cd00000, 0x000000070cd00000| Untracked 
| 190|0x000000070ce00000, 0x000000070ce00000, 0x000000070cf00000|  0%| F|  |TAMS 0x000000070ce00000, 0x000000070ce00000| Untracked 
| 191|0x000000070cf00000, 0x000000070cf00000, 0x000000070d000000|  0%| F|  |TAMS 0x000000070cf00000, 0x000000070cf00000| Untracked 
| 192|0x000000070d000000, 0x000000070d000000, 0x000000070d100000|  0%| F|  |TAMS 0x000000070d000000, 0x000000070d000000| Untracked 
| 193|0x000000070d100000, 0x000000070d100000, 0x000000070d200000|  0%| F|  |TAMS 0x000000070d100000, 0x000000070d100000| Untracked 
| 194|0x000000070d200000, 0x000000070d271800, 0x000000070d300000| 44%| S|CS|TAMS 0x000000070d200000, 0x000000070d200000| Complete 
| 195|0x000000070d300000, 0x000000070d300000, 0x000000070d400000|  0%| F|  |TAMS 0x000000070d300000, 0x000000070d300000| Untracked 
| 196|0x000000070d400000, 0x000000070d400000, 0x000000070d500000|  0%| F|  |TAMS 0x000000070d400000, 0x000000070d400000| Untracked 
| 197|0x000000070d500000, 0x000000070d600000, 0x000000070d600000|100%| S|CS|TAMS 0x000000070d500000, 0x000000070d500000| Complete 
| 198|0x000000070d600000, 0x000000070d700000, 0x000000070d700000|100%| S|CS|TAMS 0x000000070d600000, 0x000000070d600000| Complete 
| 199|0x000000070d700000, 0x000000070d700000, 0x000000070d800000|  0%| F|  |TAMS 0x000000070d700000, 0x000000070d700000| Untracked 
| 200|0x000000070d800000, 0x000000070d800000, 0x000000070d900000|  0%| F|  |TAMS 0x000000070d800000, 0x000000070d800000| Untracked 
| 201|0x000000070d900000, 0x000000070d900000, 0x000000070da00000|  0%| F|  |TAMS 0x000000070d900000, 0x000000070d900000| Untracked 
| 202|0x000000070da00000, 0x000000070da00000, 0x000000070db00000|  0%| F|  |TAMS 0x000000070da00000, 0x000000070da00000| Untracked 
| 203|0x000000070db00000, 0x000000070db00000, 0x000000070dc00000|  0%| F|  |TAMS 0x000000070db00000, 0x000000070db00000| Untracked 
| 204|0x000000070dc00000, 0x000000070dc00000, 0x000000070dd00000|  0%| F|  |TAMS 0x000000070dc00000, 0x000000070dc00000| Untracked 
| 205|0x000000070dd00000, 0x000000070dd00000, 0x000000070de00000|  0%| F|  |TAMS 0x000000070dd00000, 0x000000070dd00000| Untracked 
| 206|0x000000070de00000, 0x000000070de00000, 0x000000070df00000|  0%| F|  |TAMS 0x000000070de00000, 0x000000070de00000| Untracked 
| 207|0x000000070df00000, 0x000000070df00000, 0x000000070e000000|  0%| F|  |TAMS 0x000000070df00000, 0x000000070df00000| Untracked 
| 208|0x000000070e000000, 0x000000070e000000, 0x000000070e100000|  0%| F|  |TAMS 0x000000070e000000, 0x000000070e000000| Untracked 
| 209|0x000000070e100000, 0x000000070e100000, 0x000000070e200000|  0%| F|  |TAMS 0x000000070e100000, 0x000000070e100000| Untracked 
| 210|0x000000070e200000, 0x000000070e200000, 0x000000070e300000|  0%| F|  |TAMS 0x000000070e200000, 0x000000070e200000| Untracked 
| 211|0x000000070e300000, 0x000000070e300000, 0x000000070e400000|  0%| F|  |TAMS 0x000000070e300000, 0x000000070e300000| Untracked 
| 212|0x000000070e400000, 0x000000070e400000, 0x000000070e500000|  0%| F|  |TAMS 0x000000070e400000, 0x000000070e400000| Untracked 
| 213|0x000000070e500000, 0x000000070e500000, 0x000000070e600000|  0%| F|  |TAMS 0x000000070e500000, 0x000000070e500000| Untracked 
| 214|0x000000070e600000, 0x000000070e600000, 0x000000070e700000|  0%| F|  |TAMS 0x000000070e600000, 0x000000070e600000| Untracked 
| 215|0x000000070e700000, 0x000000070e700000, 0x000000070e800000|  0%| F|  |TAMS 0x000000070e700000, 0x000000070e700000| Untracked 
| 216|0x000000070e800000, 0x000000070e800000, 0x000000070e900000|  0%| F|  |TAMS 0x000000070e800000, 0x000000070e800000| Untracked 
| 217|0x000000070e900000, 0x000000070e900000, 0x000000070ea00000|  0%| F|  |TAMS 0x000000070e900000, 0x000000070e900000| Untracked 
| 218|0x000000070ea00000, 0x000000070ea00000, 0x000000070eb00000|  0%| F|  |TAMS 0x000000070ea00000, 0x000000070ea00000| Untracked 
| 219|0x000000070eb00000, 0x000000070eb00000, 0x000000070ec00000|  0%| F|  |TAMS 0x000000070eb00000, 0x000000070eb00000| Untracked 
| 220|0x000000070ec00000, 0x000000070ec00000, 0x000000070ed00000|  0%| F|  |TAMS 0x000000070ec00000, 0x000000070ec00000| Untracked 
| 221|0x000000070ed00000, 0x000000070ed00000, 0x000000070ee00000|  0%| F|  |TAMS 0x000000070ed00000, 0x000000070ed00000| Untracked 
| 222|0x000000070ee00000, 0x000000070ee876e0, 0x000000070ef00000| 52%| E|  |TAMS 0x000000070ee00000, 0x000000070ee00000| Complete 
| 223|0x000000070ef00000, 0x000000070f000000, 0x000000070f000000|100%| E|CS|TAMS 0x000000070ef00000, 0x000000070ef00000| Complete 
| 224|0x000000070f000000, 0x000000070f100000, 0x000000070f100000|100%| E|CS|TAMS 0x000000070f000000, 0x000000070f000000| Complete 
| 225|0x000000070f100000, 0x000000070f200000, 0x000000070f200000|100%| E|CS|TAMS 0x000000070f100000, 0x000000070f100000| Complete 
| 226|0x000000070f200000, 0x000000070f300000, 0x000000070f300000|100%| E|CS|TAMS 0x000000070f200000, 0x000000070f200000| Complete 
| 227|0x000000070f300000, 0x000000070f400000, 0x000000070f400000|100%| E|CS|TAMS 0x000000070f300000, 0x000000070f300000| Complete 
| 228|0x000000070f400000, 0x000000070f500000, 0x000000070f500000|100%| E|CS|TAMS 0x000000070f400000, 0x000000070f400000| Complete 
| 229|0x000000070f500000, 0x000000070f600000, 0x000000070f600000|100%| E|CS|TAMS 0x000000070f500000, 0x000000070f500000| Complete 
| 230|0x000000070f600000, 0x000000070f700000, 0x000000070f700000|100%| E|CS|TAMS 0x000000070f600000, 0x000000070f600000| Complete 
| 231|0x000000070f700000, 0x000000070f800000, 0x000000070f800000|100%| E|CS|TAMS 0x000000070f700000, 0x000000070f700000| Complete 
| 232|0x000000070f800000, 0x000000070f900000, 0x000000070f900000|100%| E|CS|TAMS 0x000000070f800000, 0x000000070f800000| Complete 
| 233|0x000000070f900000, 0x000000070fa00000, 0x000000070fa00000|100%| E|CS|TAMS 0x000000070f900000, 0x000000070f900000| Complete 
| 234|0x000000070fa00000, 0x000000070fb00000, 0x000000070fb00000|100%| E|CS|TAMS 0x000000070fa00000, 0x000000070fa00000| Complete 
| 235|0x000000070fb00000, 0x000000070fc00000, 0x000000070fc00000|100%| E|CS|TAMS 0x000000070fb00000, 0x000000070fb00000| Complete 
| 236|0x000000070fc00000, 0x000000070fd00000, 0x000000070fd00000|100%| E|CS|TAMS 0x000000070fc00000, 0x000000070fc00000| Complete 
| 237|0x000000070fd00000, 0x000000070fe00000, 0x000000070fe00000|100%| E|CS|TAMS 0x000000070fd00000, 0x000000070fd00000| Complete 
| 238|0x000000070fe00000, 0x000000070ff00000, 0x000000070ff00000|100%| E|CS|TAMS 0x000000070fe00000, 0x000000070fe00000| Complete 
| 239|0x000000070ff00000, 0x0000000710000000, 0x0000000710000000|100%| E|CS|TAMS 0x000000070ff00000, 0x000000070ff00000| Complete 
| 240|0x0000000710000000, 0x0000000710100000, 0x0000000710100000|100%| E|CS|TAMS 0x0000000710000000, 0x0000000710000000| Complete 
| 241|0x0000000710100000, 0x0000000710200000, 0x0000000710200000|100%| E|CS|TAMS 0x0000000710100000, 0x0000000710100000| Complete 
| 242|0x0000000710200000, 0x0000000710300000, 0x0000000710300000|100%| E|CS|TAMS 0x0000000710200000, 0x0000000710200000| Complete 
| 243|0x0000000710300000, 0x0000000710400000, 0x0000000710400000|100%| E|CS|TAMS 0x0000000710300000, 0x0000000710300000| Complete 
| 244|0x0000000710400000, 0x0000000710500000, 0x0000000710500000|100%| E|CS|TAMS 0x0000000710400000, 0x0000000710400000| Complete 
| 245|0x0000000710500000, 0x0000000710600000, 0x0000000710600000|100%| E|CS|TAMS 0x0000000710500000, 0x0000000710500000| Complete 
| 246|0x0000000710600000, 0x0000000710700000, 0x0000000710700000|100%| E|CS|TAMS 0x0000000710600000, 0x0000000710600000| Complete 
| 247|0x0000000710700000, 0x0000000710800000, 0x0000000710800000|100%| E|CS|TAMS 0x0000000710700000, 0x0000000710700000| Complete 
| 248|0x0000000710800000, 0x0000000710900000, 0x0000000710900000|100%| E|CS|TAMS 0x0000000710800000, 0x0000000710800000| Complete 
| 249|0x0000000710900000, 0x0000000710a00000, 0x0000000710a00000|100%| E|CS|TAMS 0x0000000710900000, 0x0000000710900000| Complete 
| 250|0x0000000710a00000, 0x0000000710b00000, 0x0000000710b00000|100%| E|CS|TAMS 0x0000000710a00000, 0x0000000710a00000| Complete 
| 251|0x0000000710b00000, 0x0000000710c00000, 0x0000000710c00000|100%| E|CS|TAMS 0x0000000710b00000, 0x0000000710b00000| Complete 
| 252|0x0000000710c00000, 0x0000000710d00000, 0x0000000710d00000|100%| E|CS|TAMS 0x0000000710c00000, 0x0000000710c00000| Complete 
| 253|0x0000000710d00000, 0x0000000710e00000, 0x0000000710e00000|100%| E|CS|TAMS 0x0000000710d00000, 0x0000000710d00000| Complete 
| 254|0x0000000710e00000, 0x0000000710f00000, 0x0000000710f00000|100%| E|CS|TAMS 0x0000000710e00000, 0x0000000710e00000| Complete 
| 255|0x0000000710f00000, 0x0000000711000000, 0x0000000711000000|100%| E|CS|TAMS 0x0000000710f00000, 0x0000000710f00000| Complete 
| 256|0x0000000711000000, 0x0000000711100000, 0x0000000711100000|100%| E|CS|TAMS 0x0000000711000000, 0x0000000711000000| Complete 
| 257|0x0000000711100000, 0x0000000711200000, 0x0000000711200000|100%| E|CS|TAMS 0x0000000711100000, 0x0000000711100000| Complete 
| 258|0x0000000711200000, 0x0000000711300000, 0x0000000711300000|100%| E|CS|TAMS 0x0000000711200000, 0x0000000711200000| Complete 
| 259|0x0000000711300000, 0x0000000711400000, 0x0000000711400000|100%| E|CS|TAMS 0x0000000711300000, 0x0000000711300000| Complete 
| 260|0x0000000711400000, 0x0000000711500000, 0x0000000711500000|100%| E|CS|TAMS 0x0000000711400000, 0x0000000711400000| Complete 
| 261|0x0000000711500000, 0x0000000711600000, 0x0000000711600000|100%| E|CS|TAMS 0x0000000711500000, 0x0000000711500000| Complete 
| 262|0x0000000711600000, 0x0000000711700000, 0x0000000711700000|100%| E|CS|TAMS 0x0000000711600000, 0x0000000711600000| Complete 
| 263|0x0000000711700000, 0x0000000711800000, 0x0000000711800000|100%| E|CS|TAMS 0x0000000711700000, 0x0000000711700000| Complete 
| 264|0x0000000711800000, 0x0000000711900000, 0x0000000711900000|100%| E|CS|TAMS 0x0000000711800000, 0x0000000711800000| Complete 
| 265|0x0000000711900000, 0x0000000711a00000, 0x0000000711a00000|100%| E|CS|TAMS 0x0000000711900000, 0x0000000711900000| Complete 
| 266|0x0000000711a00000, 0x0000000711b00000, 0x0000000711b00000|100%| E|CS|TAMS 0x0000000711a00000, 0x0000000711a00000| Complete 
| 267|0x0000000711b00000, 0x0000000711c00000, 0x0000000711c00000|100%| E|CS|TAMS 0x0000000711b00000, 0x0000000711b00000| Complete 
| 268|0x0000000711c00000, 0x0000000711d00000, 0x0000000711d00000|100%| E|CS|TAMS 0x0000000711c00000, 0x0000000711c00000| Complete 
| 269|0x0000000711d00000, 0x0000000711e00000, 0x0000000711e00000|100%| E|CS|TAMS 0x0000000711d00000, 0x0000000711d00000| Complete 
| 270|0x0000000711e00000, 0x0000000711f00000, 0x0000000711f00000|100%| E|CS|TAMS 0x0000000711e00000, 0x0000000711e00000| Complete 
| 271|0x0000000711f00000, 0x0000000712000000, 0x0000000712000000|100%| E|CS|TAMS 0x0000000711f00000, 0x0000000711f00000| Complete 
| 272|0x0000000712000000, 0x0000000712100000, 0x0000000712100000|100%| E|CS|TAMS 0x0000000712000000, 0x0000000712000000| Complete 
| 273|0x0000000712100000, 0x0000000712200000, 0x0000000712200000|100%| E|CS|TAMS 0x0000000712100000, 0x0000000712100000| Complete 
| 274|0x0000000712200000, 0x0000000712300000, 0x0000000712300000|100%| E|CS|TAMS 0x0000000712200000, 0x0000000712200000| Complete 
| 275|0x0000000712300000, 0x0000000712400000, 0x0000000712400000|100%| E|CS|TAMS 0x0000000712300000, 0x0000000712300000| Complete 
| 276|0x0000000712400000, 0x0000000712500000, 0x0000000712500000|100%| E|CS|TAMS 0x0000000712400000, 0x0000000712400000| Complete 
| 277|0x0000000712500000, 0x0000000712600000, 0x0000000712600000|100%| E|CS|TAMS 0x0000000712500000, 0x0000000712500000| Complete 
| 278|0x0000000712600000, 0x0000000712700000, 0x0000000712700000|100%| E|CS|TAMS 0x0000000712600000, 0x0000000712600000| Complete 
| 279|0x0000000712700000, 0x0000000712800000, 0x0000000712800000|100%| E|CS|TAMS 0x0000000712700000, 0x0000000712700000| Complete 
| 280|0x0000000712800000, 0x0000000712900000, 0x0000000712900000|100%| E|CS|TAMS 0x0000000712800000, 0x0000000712800000| Complete 
| 281|0x0000000712900000, 0x0000000712a00000, 0x0000000712a00000|100%| E|CS|TAMS 0x0000000712900000, 0x0000000712900000| Complete 
| 282|0x0000000712a00000, 0x0000000712b00000, 0x0000000712b00000|100%| E|CS|TAMS 0x0000000712a00000, 0x0000000712a00000| Complete 
| 283|0x0000000712b00000, 0x0000000712c00000, 0x0000000712c00000|100%| E|CS|TAMS 0x0000000712b00000, 0x0000000712b00000| Complete 
| 284|0x0000000712c00000, 0x0000000712d00000, 0x0000000712d00000|100%| E|CS|TAMS 0x0000000712c00000, 0x0000000712c00000| Complete 
| 285|0x0000000712d00000, 0x0000000712e00000, 0x0000000712e00000|100%| E|CS|TAMS 0x0000000712d00000, 0x0000000712d00000| Complete 
| 286|0x0000000712e00000, 0x0000000712f00000, 0x0000000712f00000|100%| E|CS|TAMS 0x0000000712e00000, 0x0000000712e00000| Complete 
| 287|0x0000000712f00000, 0x0000000713000000, 0x0000000713000000|100%| E|CS|TAMS 0x0000000712f00000, 0x0000000712f00000| Complete 
| 288|0x0000000713000000, 0x0000000713100000, 0x0000000713100000|100%| E|CS|TAMS 0x0000000713000000, 0x0000000713000000| Complete 
| 289|0x0000000713100000, 0x0000000713200000, 0x0000000713200000|100%| E|CS|TAMS 0x0000000713100000, 0x0000000713100000| Complete 
| 290|0x0000000713200000, 0x0000000713300000, 0x0000000713300000|100%| E|CS|TAMS 0x0000000713200000, 0x0000000713200000| Complete 
| 291|0x0000000713300000, 0x0000000713400000, 0x0000000713400000|100%| E|CS|TAMS 0x0000000713300000, 0x0000000713300000| Complete 
| 292|0x0000000713400000, 0x0000000713500000, 0x0000000713500000|100%| E|CS|TAMS 0x0000000713400000, 0x0000000713400000| Complete 
| 293|0x0000000713500000, 0x0000000713600000, 0x0000000713600000|100%| E|CS|TAMS 0x0000000713500000, 0x0000000713500000| Complete 
| 294|0x0000000713600000, 0x0000000713700000, 0x0000000713700000|100%| E|CS|TAMS 0x0000000713600000, 0x0000000713600000| Complete 
| 295|0x0000000713700000, 0x0000000713800000, 0x0000000713800000|100%| E|CS|TAMS 0x0000000713700000, 0x0000000713700000| Complete 
| 296|0x0000000713800000, 0x0000000713900000, 0x0000000713900000|100%| E|CS|TAMS 0x0000000713800000, 0x0000000713800000| Complete 
| 297|0x0000000713900000, 0x0000000713a00000, 0x0000000713a00000|100%| E|CS|TAMS 0x0000000713900000, 0x0000000713900000| Complete 
| 298|0x0000000713a00000, 0x0000000713b00000, 0x0000000713b00000|100%| E|CS|TAMS 0x0000000713a00000, 0x0000000713a00000| Complete 
| 299|0x0000000713b00000, 0x0000000713c00000, 0x0000000713c00000|100%| E|CS|TAMS 0x0000000713b00000, 0x0000000713b00000| Complete 
| 300|0x0000000713c00000, 0x0000000713d00000, 0x0000000713d00000|100%| E|CS|TAMS 0x0000000713c00000, 0x0000000713c00000| Complete 
| 301|0x0000000713d00000, 0x0000000713e00000, 0x0000000713e00000|100%| E|CS|TAMS 0x0000000713d00000, 0x0000000713d00000| Complete 
| 302|0x0000000713e00000, 0x0000000713f00000, 0x0000000713f00000|100%| E|CS|TAMS 0x0000000713e00000, 0x0000000713e00000| Complete 
| 303|0x0000000713f00000, 0x0000000714000000, 0x0000000714000000|100%| E|CS|TAMS 0x0000000713f00000, 0x0000000713f00000| Complete 
| 304|0x0000000714000000, 0x0000000714100000, 0x0000000714100000|100%| E|CS|TAMS 0x0000000714000000, 0x0000000714000000| Complete 
| 305|0x0000000714100000, 0x0000000714200000, 0x0000000714200000|100%| E|CS|TAMS 0x0000000714100000, 0x0000000714100000| Complete 
| 306|0x0000000714200000, 0x0000000714300000, 0x0000000714300000|100%| E|CS|TAMS 0x0000000714200000, 0x0000000714200000| Complete 
| 307|0x0000000714300000, 0x0000000714400000, 0x0000000714400000|100%| E|CS|TAMS 0x0000000714300000, 0x0000000714300000| Complete 
| 308|0x0000000714400000, 0x0000000714500000, 0x0000000714500000|100%| E|CS|TAMS 0x0000000714400000, 0x0000000714400000| Complete 
| 309|0x0000000714500000, 0x0000000714600000, 0x0000000714600000|100%| E|CS|TAMS 0x0000000714500000, 0x0000000714500000| Complete 
| 310|0x0000000714600000, 0x0000000714700000, 0x0000000714700000|100%| E|CS|TAMS 0x0000000714600000, 0x0000000714600000| Complete 
| 311|0x0000000714700000, 0x0000000714800000, 0x0000000714800000|100%| E|CS|TAMS 0x0000000714700000, 0x0000000714700000| Complete 
| 312|0x0000000714800000, 0x0000000714900000, 0x0000000714900000|100%| E|CS|TAMS 0x0000000714800000, 0x0000000714800000| Complete 
| 313|0x0000000714900000, 0x0000000714a00000, 0x0000000714a00000|100%| E|CS|TAMS 0x0000000714900000, 0x0000000714900000| Complete 
| 314|0x0000000714a00000, 0x0000000714b00000, 0x0000000714b00000|100%| E|CS|TAMS 0x0000000714a00000, 0x0000000714a00000| Complete 
| 315|0x0000000714b00000, 0x0000000714c00000, 0x0000000714c00000|100%| E|CS|TAMS 0x0000000714b00000, 0x0000000714b00000| Complete 
| 316|0x0000000714c00000, 0x0000000714d00000, 0x0000000714d00000|100%| E|CS|TAMS 0x0000000714c00000, 0x0000000714c00000| Complete 
| 317|0x0000000714d00000, 0x0000000714e00000, 0x0000000714e00000|100%| E|CS|TAMS 0x0000000714d00000, 0x0000000714d00000| Complete 
| 318|0x0000000714e00000, 0x0000000714f00000, 0x0000000714f00000|100%| E|CS|TAMS 0x0000000714e00000, 0x0000000714e00000| Complete 
| 319|0x0000000714f00000, 0x0000000715000000, 0x0000000715000000|100%| E|CS|TAMS 0x0000000714f00000, 0x0000000714f00000| Complete 
| 320|0x0000000715000000, 0x0000000715100000, 0x0000000715100000|100%| E|CS|TAMS 0x0000000715000000, 0x0000000715000000| Complete 
| 321|0x0000000715100000, 0x0000000715200000, 0x0000000715200000|100%| E|CS|TAMS 0x0000000715100000, 0x0000000715100000| Complete 
| 322|0x0000000715200000, 0x0000000715300000, 0x0000000715300000|100%| E|CS|TAMS 0x0000000715200000, 0x0000000715200000| Complete 
| 323|0x0000000715300000, 0x0000000715400000, 0x0000000715400000|100%| E|CS|TAMS 0x0000000715300000, 0x0000000715300000| Complete 

Card table byte_map: [0x00000203c5da0000,0x00000203c65a0000] _byte_map_base: 0x00000203c2598000

Marking Bits (Prev, Next): (CMBitMap*) 0x00000203ae0f5268, (CMBitMap*) 0x00000203ae0f5228
 Prev Bits: [0x00000203cad60000, 0x00000203ced20000)
 Next Bits: [0x00000203c6da0000, 0x00000203cad60000)

Polling page: 0x00000203abee0000

Metaspace:

Usage:
  Non-class:     63.61 MB capacity,    62.39 MB ( 98%) used,   990.35 KB (  2%) free+waste,   267.19 KB ( <1%) overhead. 
      Class:      7.68 MB capacity,     6.84 MB ( 89%) used,   738.20 KB (  9%) free+waste,   116.25 KB (  1%) overhead. 
       Both:     71.29 MB capacity,    69.23 MB ( 97%) used,     1.69 MB (  2%) free+waste,   383.44 KB ( <1%) overhead. 

Virtual space:
  Non-class space:       64.00 MB reserved,      63.67 MB (>99%) committed 
      Class space:        1.00 GB reserved,       7.75 MB ( <1%) committed 
             Both:        1.06 GB reserved,      71.42 MB (  7%) committed 

Chunk freelists:
   Non-Class:  7.50 KB
       Class:  1.50 KB
        Both:  9.00 KB

CodeHeap 'non-profiled nmethods': size=120064Kb used=19226Kb max_used=19226Kb free=100837Kb
 bounds [0x00000203bdf50000, 0x00000203bf220000, 0x00000203c5490000]
CodeHeap 'profiled nmethods': size=120000Kb used=33362Kb max_used=33925Kb free=86637Kb
 bounds [0x00000203b6a20000, 0x00000203b8d30000, 0x00000203bdf50000]
CodeHeap 'non-nmethods': size=5696Kb used=1793Kb max_used=1981Kb free=3902Kb
 bounds [0x00000203b6490000, 0x00000203b6700000, 0x00000203b6a20000]
 total_blobs=24024 nmethods=11522 adapters=1211
 compilation: enabled
              stopped_count=0, restarted_count=0
 full_count=0

Compilation events (10 events):
Event: 1030.328 Thread 0x00000203d1683800 16351 %     4       el::<init> @ 41 (1199 bytes)
Event: 1030.373 Thread 0x00000203d1683800 nmethod 16351% 0x00000203bf207290 code [0x00000203bf207500, 0x00000203bf20a9c8]
Event: 1030.376 Thread 0x00000203d1687800 16354   !   3       ak::gx (4029 bytes)
Event: 1030.379 Thread 0x00000203d1683800 16355 %     4       el::<init> @ 540 (1199 bytes)
Event: 1030.387 Thread 0x00000203d1687800 nmethod 16354 0x00000203b8a82290 code [0x00000203b8a838c0, 0x00000203b8a92a00]
Event: 1030.420 Thread 0x00000203d1683800 nmethod 16355% 0x00000203bf20b710 code [0x00000203bf20b980, 0x00000203bf20ed28]
Event: 1030.437 Thread 0x00000203d1683800 16356 %     4       el::<init> @ 679 (1199 bytes)
Event: 1030.480 Thread 0x00000203d1683800 nmethod 16356% 0x00000203bf20fa10 code [0x00000203bf20fc80, 0x00000203bf212ea8]
Event: 1030.498 Thread 0x00000203d1683800 16357       4       el::<init> (1199 bytes)
Event: 1030.688 Thread 0x00000203d1683800 nmethod 16357 0x00000203bf213b10 code [0x00000203bf213e00, 0x00000203bf21acd8]

GC Heap History (10 events):
Event: 966.577 GC heap before
{Heap before GC invocations=155 (full 0):
 garbage-first heap   total 331776K, used 290395K [0x0000000701000000, 0x0000000800000000)
  region size 1024K, 127 young (130048K), 4 survivors (4096K)
 Metaspace       used 70869K, capacity 72935K, committed 73136K, reserved 1114112K
  class space    used 7005K, capacity 7860K, committed 7936K, reserved 1048576K
}
Event: 966.579 GC heap after
{Heap after GC invocations=156 (full 0):
 garbage-first heap   total 331776K, used 163370K [0x0000000701000000, 0x0000000800000000)
  region size 1024K, 2 young (2048K), 2 survivors (2048K)
 Metaspace       used 70869K, capacity 72935K, committed 73136K, reserved 1114112K
  class space    used 7005K, capacity 7860K, committed 7936K, reserved 1048576K
}
Event: 980.442 GC heap before
{Heap before GC invocations=157 (full 0):
 garbage-first heap   total 331776K, used 291370K [0x0000000701000000, 0x0000000800000000)
  region size 1024K, 127 young (130048K), 2 survivors (2048K)
 Metaspace       used 70871K, capacity 72935K, committed 73136K, reserved 1114112K
  class space    used 7005K, capacity 7860K, committed 7936K, reserved 1048576K
}
Event: 980.445 GC heap after
{Heap after GC invocations=158 (full 0):
 garbage-first heap   total 331776K, used 163786K [0x0000000701000000, 0x0000000800000000)
  region size 1024K, 3 young (3072K), 3 survivors (3072K)
 Metaspace       used 70871K, capacity 72935K, committed 73136K, reserved 1114112K
  class space    used 7005K, capacity 7860K, committed 7936K, reserved 1048576K
}
Event: 994.343 GC heap before
{Heap before GC invocations=158 (full 0):
 garbage-first heap   total 331776K, used 290762K [0x0000000701000000, 0x0000000800000000)
  region size 1024K, 127 young (130048K), 3 survivors (3072K)
 Metaspace       used 70880K, capacity 72935K, committed 73136K, reserved 1114112K
  class space    used 7005K, capacity 7860K, committed 7936K, reserved 1048576K
}
Event: 994.346 GC heap after
{Heap after GC invocations=159 (full 0):
 garbage-first heap   total 331776K, used 163557K [0x0000000701000000, 0x0000000800000000)
  region size 1024K, 2 young (2048K), 2 survivors (2048K)
 Metaspace       used 70880K, capacity 72935K, committed 73136K, reserved 1114112K
  class space    used 7005K, capacity 7860K, committed 7936K, reserved 1048576K
}
Event: 1007.402 GC heap before
{Heap before GC invocations=160 (full 0):
 garbage-first heap   total 331776K, used 291557K [0x0000000701000000, 0x0000000800000000)
  region size 1024K, 127 young (130048K), 2 survivors (2048K)
 Metaspace       used 70881K, capacity 72935K, committed 73136K, reserved 1114112K
  class space    used 7005K, capacity 7860K, committed 7936K, reserved 1048576K
}
Event: 1007.405 GC heap after
{Heap after GC invocations=161 (full 0):
 garbage-first heap   total 331776K, used 163502K [0x0000000701000000, 0x0000000800000000)
  region size 1024K, 2 young (2048K), 2 survivors (2048K)
 Metaspace       used 70881K, capacity 72935K, committed 73136K, reserved 1114112K
  class space    used 7005K, capacity 7860K, committed 7936K, reserved 1048576K
}
Event: 1019.544 GC heap before
{Heap before GC invocations=161 (full 0):
 garbage-first heap   total 331776K, used 291502K [0x0000000701000000, 0x0000000800000000)
  region size 1024K, 127 young (130048K), 2 survivors (2048K)
 Metaspace       used 70888K, capacity 73000K, committed 73136K, reserved 1114112K
  class space    used 7005K, capacity 7860K, committed 7936K, reserved 1048576K
}
Event: 1019.547 GC heap after
{Heap after GC invocations=162 (full 0):
 garbage-first heap   total 331776K, used 164070K [0x0000000701000000, 0x0000000800000000)
  region size 1024K, 3 young (3072K), 3 survivors (3072K)
 Metaspace       used 70888K, capacity 73000K, committed 73136K, reserved 1114112K
  class space    used 7005K, capacity 7860K, committed 7936K, reserved 1048576K
}

Deoptimization events (10 events):
Event: 1030.256 Thread 0x00000203d33b8800 Uncommon trap: reason=unstable_if action=reinterpret pc=0x00000203bf0e1b7c method=ai.hm(Lkj;I)V @ 1172 c2
Event: 1030.256 Thread 0x00000203d33b8800 Uncommon trap: reason=unstable_if action=reinterpret pc=0x00000203bf00151c method=ac.hq(Lgh;B)V @ 2134 c2
Event: 1030.257 Thread 0x00000203d33b8800 Uncommon trap: reason=unstable_if action=reinterpret pc=0x00000203bf1e1bf0 method=ak.gx(Lcw;II)V @ 3981 c2
Event: 1030.261 Thread 0x00000203d33b8800 Uncommon trap: reason=unstable_if action=reinterpret pc=0x00000203be86bc98 method=cd.t(I)Lel; @ 997 c2
Event: 1030.262 Thread 0x00000203d33b8800 Uncommon trap: reason=profile_predicate action=maybe_recompile pc=0x00000203bf1dd964 method=el.<init>([Lel;I)V @ 14 c2
Event: 1030.262 Thread 0x00000203d33b8800 Uncommon trap: reason=unstable_if action=reinterpret pc=0x00000203bf1d37f0 method=el.<init>([Lel;I)V @ 460 c2
Event: 1030.262 Thread 0x00000203d33b8800 Uncommon trap: reason=unstable_if action=reinterpret pc=0x00000203bf1d7b74 method=el.<init>([Lel;I)V @ 460 c2
Event: 1030.279 Thread 0x00000203d33b8800 Uncommon trap: reason=profile_predicate action=maybe_recompile pc=0x00000203bf1dd964 method=el.<init>([Lel;I)V @ 14 c2
Event: 1030.297 Thread 0x00000203d33b8800 Uncommon trap: reason=profile_predicate action=maybe_recompile pc=0x00000203bf1dd964 method=el.<init>([Lel;I)V @ 14 c2
Event: 1030.318 Thread 0x00000203d33b8800 Uncommon trap: reason=profile_predicate action=maybe_recompile pc=0x00000203bf1dd964 method=el.<init>([Lel;I)V @ 14 c2

Classes redefined (0 events):
No events

Internal exceptions (10 events):
Event: 857.640 Thread 0x00000203d2d07000 Implicit null exception at 0x00000203be36430c to 0x00000203be3648ee
Event: 857.640 Thread 0x00000203d2d07000 Implicit null exception at 0x00000203be79c69a to 0x00000203be79d65a
Event: 964.625 Thread 0x00000203e53d4000 Exception <a 'java/net/SocketException'{0x000000070ea11298}: Socket closed> (0x000000070ea11298) thrown at [t:/workspace/open/src/hotspot/share/prims/jni.cpp, line 636]
Event: 1030.262 Thread 0x00000203d33b8800 Implicit null exception at 0x00000203bf1da192 to 0x00000203bf1dd922
Event: 1030.262 Thread 0x00000203d33b8800 Implicit null exception at 0x00000203bf1d0580 to 0x00000203bf1d37a6
Event: 1030.262 Thread 0x00000203d33b8800 Implicit null exception at 0x00000203bf1d48fb to 0x00000203bf1d7b2e
Event: 1030.279 Thread 0x00000203d33b8800 Implicit null exception at 0x00000203bf1da192 to 0x00000203bf1dd922
Event: 1030.297 Thread 0x00000203d33b8800 Implicit null exception at 0x00000203bf1da192 to 0x00000203bf1dd922
Event: 1030.318 Thread 0x00000203d33b8800 Implicit null exception at 0x00000203bf1da192 to 0x00000203bf1dd922
Event: 1030.726 Thread 0x00000203d33b8800 Implicit null exception at 0x00000203bf2156f7 to 0x0000000000000000

Events (10 events):
Event: 1030.262 Thread 0x00000203d33b8800 DEOPT UNPACKING pc=0x00000203b64cf12f sp=0x000000f89b0fe1b0 mode 2
Event: 1030.279 Thread 0x00000203d33b8800 Uncommon trap: trap_request=0xffffffbe fr.pc=0x00000203bf1dd964 relative=0x0000000000004e64
Event: 1030.279 Thread 0x00000203d33b8800 DEOPT PACKING pc=0x00000203bf1dd964 sp=0x000000f89b0fe0f0
Event: 1030.279 Thread 0x00000203d33b8800 DEOPT UNPACKING pc=0x00000203b64cf12f sp=0x000000f89b0fe1a8 mode 2
Event: 1030.297 Thread 0x00000203d33b8800 Uncommon trap: trap_request=0xffffffbe fr.pc=0x00000203bf1dd964 relative=0x0000000000004e64
Event: 1030.297 Thread 0x00000203d33b8800 DEOPT PACKING pc=0x00000203bf1dd964 sp=0x000000f89b0fe0f0
Event: 1030.297 Thread 0x00000203d33b8800 DEOPT UNPACKING pc=0x00000203b64cf12f sp=0x000000f89b0fe1a8 mode 2
Event: 1030.318 Thread 0x00000203d33b8800 Uncommon trap: trap_request=0xffffffbe fr.pc=0x00000203bf1dd964 relative=0x0000000000004e64
Event: 1030.318 Thread 0x00000203d33b8800 DEOPT PACKING pc=0x00000203bf1dd964 sp=0x000000f89b0fe0f0
Event: 1030.318 Thread 0x00000203d33b8800 DEOPT UNPACKING pc=0x00000203b64cf12f sp=0x000000f89b0fe1a8 mode 2


Dynamic libraries:
0x00007ff6d1170000 - 0x00007ff6d117f000 	C:\Program Files\Java\jdk-12.0.2\bin\java.exe
0x00007ffd572e0000 - 0x00007ffd574d0000 	C:\Windows\SYSTEM32\ntdll.dll
0x00007ffd55fc0000 - 0x00007ffd56072000 	C:\Windows\System32\KERNEL32.DLL
0x00007ffd544b0000 - 0x00007ffd54754000 	C:\Windows\System32\KERNELBASE.dll
0x00007ffd54310000 - 0x00007ffd5440a000 	C:\Windows\System32\ucrtbase.dll
0x00007ffd4b930000 - 0x00007ffd4b948000 	C:\Program Files\Java\jdk-12.0.2\bin\jli.dll
0x00007ffd567f0000 - 0x00007ffd56893000 	C:\Windows\System32\ADVAPI32.dll
0x00007ffd56750000 - 0x00007ffd567ee000 	C:\Windows\System32\msvcrt.dll
0x00007ffd56080000 - 0x00007ffd56117000 	C:\Windows\System32\sechost.dll
0x00007ffd563a0000 - 0x00007ffd564c0000 	C:\Windows\System32\RPCRT4.dll
0x00007ffd56120000 - 0x00007ffd562b4000 	C:\Windows\System32\USER32.dll
0x00007ffd549e0000 - 0x00007ffd54a01000 	C:\Windows\System32\win32u.dll
0x00007ffd556d0000 - 0x00007ffd556f6000 	C:\Windows\System32\GDI32.dll
0x00007ffd54840000 - 0x00007ffd549d4000 	C:\Windows\System32\gdi32full.dll
0x00007ffd54410000 - 0x00007ffd544ae000 	C:\Windows\System32\msvcp_win.dll
0x00007ffd4d380000 - 0x00007ffd4d396000 	C:\Program Files\Java\jdk-12.0.2\bin\VCRUNTIME140.dll
0x00007ffd47b80000 - 0x00007ffd47e04000 	C:\Windows\WinSxS\amd64_microsoft.windows.common-controls_6595b64144ccf1df_6.0.18362.836_none_e6c4b943130f18ed\COMCTL32.dll
0x00007ffd55390000 - 0x00007ffd556c6000 	C:\Windows\System32\combase.dll
0x00007ffd54290000 - 0x00007ffd54310000 	C:\Windows\System32\bcryptPrimitives.dll
0x00007ffd50c60000 - 0x00007ffd50c6a000 	C:\Windows\SYSTEM32\VERSION.dll
0x00007ffd55780000 - 0x00007ffd557ae000 	C:\Windows\System32\IMM32.DLL
0x00007ffd4ad70000 - 0x00007ffd4ae1a000 	C:\Program Files\Java\jdk-12.0.2\bin\msvcp140.dll
0x00007ffcfb600000 - 0x00007ffcfc177000 	C:\Program Files\Java\jdk-12.0.2\bin\server\jvm.dll
0x00007ffd57290000 - 0x00007ffd57298000 	C:\Windows\System32\PSAPI.DLL
0x00007ffd4df80000 - 0x00007ffd4dfa4000 	C:\Windows\SYSTEM32\WINMM.dll
0x00007ffd4df50000 - 0x00007ffd4df7d000 	C:\Windows\SYSTEM32\winmmbase.dll
0x00007ffd54a10000 - 0x00007ffd54a5a000 	C:\Windows\System32\cfgmgr32.dll
0x00007ffd43380000 - 0x00007ffd43389000 	C:\Windows\SYSTEM32\WSOCK32.dll
0x00007ffd568b0000 - 0x00007ffd5691f000 	C:\Windows\System32\WS2_32.dll
0x00007ffd541b0000 - 0x00007ffd541c1000 	C:\Windows\System32\kernel.appcore.dll
0x00007ffd4b220000 - 0x00007ffd4b231000 	C:\Program Files\Java\jdk-12.0.2\bin\verify.dll
0x00007ffd4e180000 - 0x00007ffd4e374000 	C:\Windows\SYSTEM32\DBGHELP.DLL
0x00007ffd4b640000 - 0x00007ffd4b66a000 	C:\Windows\SYSTEM32\dbgcore.DLL
0x00007ffd4ad40000 - 0x00007ffd4ad66000 	C:\Program Files\Java\jdk-12.0.2\bin\java.dll
0x00007ffd42660000 - 0x00007ffd42698000 	C:\Program Files\Java\jdk-12.0.2\bin\jdwp.dll
0x00007ffd47ac0000 - 0x00007ffd47ace000 	C:\Program Files\Java\jdk-12.0.2\bin\instrument.dll
0x00007ffd4ad20000 - 0x00007ffd4ad37000 	C:\Program Files\Java\jdk-12.0.2\bin\zip.dll
0x00007ffd50ee0000 - 0x00007ffd50eea000 	C:\Program Files\Java\jdk-12.0.2\bin\jimage.dll
0x00007ffd56af0000 - 0x00007ffd571d4000 	C:\Windows\System32\SHELL32.dll
0x00007ffd571e0000 - 0x00007ffd57289000 	C:\Windows\System32\shcore.dll
0x00007ffd54a60000 - 0x00007ffd551de000 	C:\Windows\System32\windows.storage.dll
0x00007ffd541f0000 - 0x00007ffd54213000 	C:\Windows\System32\profapi.dll
0x00007ffd54220000 - 0x00007ffd5426a000 	C:\Windows\System32\powrprof.dll
0x00007ffd541a0000 - 0x00007ffd541b0000 	C:\Windows\System32\UMPDC.dll
0x00007ffd566f0000 - 0x00007ffd56742000 	C:\Windows\System32\shlwapi.dll
0x00007ffd54270000 - 0x00007ffd54287000 	C:\Windows\System32\cryptsp.dll
0x00007ffd47ab0000 - 0x00007ffd47aba000 	C:\Program Files\Java\jdk-12.0.2\bin\dt_socket.dll
0x00007ffd539b0000 - 0x00007ffd53a17000 	C:\Windows\system32\mswsock.dll
0x00007ffd4ad00000 - 0x00007ffd4ad19000 	C:\Program Files\Java\jdk-12.0.2\bin\net.dll
0x00007ffd4b0c0000 - 0x00007ffd4b1b0000 	C:\Windows\SYSTEM32\WINHTTP.dll
0x00007ffd44020000 - 0x00007ffd441f6000 	C:\Windows\SYSTEM32\urlmon.dll
0x00007ffd43d70000 - 0x00007ffd44016000 	C:\Windows\SYSTEM32\iertutil.dll
0x00007ffd53b80000 - 0x00007ffd53b8c000 	C:\Windows\SYSTEM32\CRYPTBASE.DLL
0x00007ffd4ace0000 - 0x00007ffd4acf3000 	C:\Program Files\Java\jdk-12.0.2\bin\nio.dll
0x00007ffcfce50000 - 0x00007ffcfcfef000 	C:\Program Files\Java\jdk-12.0.2\bin\awt.dll
0x00007ffd55ef0000 - 0x00007ffd55fb4000 	C:\Windows\System32\OLEAUT32.dll
0x00007ffd50fb0000 - 0x00007ffd51570000 	C:\Windows\SYSTEM32\d2d1.dll
0x00007ffd52440000 - 0x00007ffd524cf000 	C:\Windows\SYSTEM32\apphelp.dll
0x00007ffd52510000 - 0x00007ffd525a9000 	C:\Windows\system32\uxtheme.dll
0x00007ffd55870000 - 0x00007ffd559a6000 	C:\Windows\System32\MSCTF.dll
0x00007ffd56920000 - 0x00007ffd56a77000 	C:\Windows\System32\ole32.dll
0x00007ffd52a50000 - 0x00007ffd52a7d000 	C:\Windows\system32\DWMAPI.DLL
0x00007ffd1f210000 - 0x00007ffd1f366000 	C:\Windows\system32\opengl32.dll
0x00007ffd2c010000 - 0x00007ffd2c03c000 	C:\Windows\SYSTEM32\GLU32.dll
0x00007ffd52e10000 - 0x00007ffd52e30000 	C:\Windows\SYSTEM32\dxcore.dll
0x00007ffd1f370000 - 0x00007ffd1f537000 	C:\Windows\system32\d3d9.dll
0x00007ffd4aeb0000 - 0x00007ffd4b090000 	C:\Windows\System32\DriverStore\FileRepository\u0346729.inf_amd64_aea6bce152d9aed0\B346681\aticfx64.dll
0x00007ffd0de00000 - 0x00007ffd108c6000 	C:\Windows\System32\DriverStore\FileRepository\u0346729.inf_amd64_aea6bce152d9aed0\B346681\amdxn64.dll
0x00007ffd4f3b0000 - 0x00007ffd4f3db000 	C:\Windows\SYSTEM32\amdihk64.dll
0x00007ffd3ab60000 - 0x00007ffd3abe0000 	C:\Program Files\Java\jdk-12.0.2\bin\freetype.dll
0x00007ffd1de20000 - 0x00007ffd1decb000 	C:\Program Files\Java\jdk-12.0.2\bin\fontmanager.dll
0x00007ffd43510000 - 0x00007ffd435ae000 	C:\Windows\System32\TextInputFramework.dll
0x00007ffd4d550000 - 0x00007ffd4d87a000 	C:\Windows\System32\CoreUIComponents.dll
0x00007ffd521d0000 - 0x00007ffd522a4000 	C:\Windows\System32\CoreMessaging.dll
0x00007ffd53200000 - 0x00007ffd53231000 	C:\Windows\SYSTEM32\ntmarta.dll
0x00007ffd507d0000 - 0x00007ffd50923000 	C:\Windows\SYSTEM32\wintypes.dll
0x00007ffd3f400000 - 0x00007ffd3f427000 	C:\Program Files\Java\jdk-12.0.2\bin\sunec.dll
0x00007ffd53520000 - 0x00007ffd53553000 	C:\Windows\system32\rsaenh.dll
0x00007ffd54760000 - 0x00007ffd54786000 	C:\Windows\System32\bcrypt.dll
0x00007ffd540c0000 - 0x00007ffd540e5000 	C:\Windows\SYSTEM32\USERENV.dll
0x00007ffd536c0000 - 0x00007ffd536fa000 	C:\Windows\SYSTEM32\IPHLPAPI.DLL
0x00007ffd568a0000 - 0x00007ffd568a8000 	C:\Windows\System32\NSI.dll
0x00007ffd4c480000 - 0x00007ffd4c496000 	C:\Windows\SYSTEM32\dhcpcsvc6.DLL
0x00007ffd4c460000 - 0x00007ffd4c47c000 	C:\Windows\SYSTEM32\dhcpcsvc.DLL
0x00007ffd53700000 - 0x00007ffd537cb000 	C:\Windows\SYSTEM32\DNSAPI.dll
0x00007ffd4b7e0000 - 0x00007ffd4b7ea000 	C:\Windows\System32\rasadhlp.dll
0x00007ffd4c1f0000 - 0x00007ffd4c267000 	C:\Windows\System32\fwpuclnt.dll
0x00007ffd378e0000 - 0x00007ffd37922000 	C:\Users\corbo\AppData\Local\Temp\jna-94848083\jna18380679044186409815.dll
0x00007ffd13a30000 - 0x00007ffd13acc000 	C:\Users\corbo\AppData\Local\Temp\jna-94848083\jna15436552879448581023.dll
0x00007ffd139b0000 - 0x00007ffd13a2f000 	C:\Program Files\Java\jdk-12.0.2\bin\mlib_image.dll
0x00007ffd433b0000 - 0x00007ffd433be000 	C:\Program Files\Java\jdk-12.0.2\bin\sunmscapi.dll
0x00007ffd551e0000 - 0x00007ffd55329000 	C:\Windows\System32\CRYPT32.dll
0x00007ffd541d0000 - 0x00007ffd541e2000 	C:\Windows\System32\MSASN1.dll
0x00007ffd53c80000 - 0x00007ffd53ca6000 	C:\Windows\SYSTEM32\ncrypt.dll
0x00007ffd53c40000 - 0x00007ffd53c7b000 	C:\Windows\SYSTEM32\NTASN1.dll
0x00007ffd4c500000 - 0x00007ffd4c50b000 	C:\Windows\SYSTEM32\WINNSI.DLL
0x00007ffd32340000 - 0x00007ffd3236d000 	C:\Program Files\Java\jdk-12.0.2\bin\javajpeg.dll
0x00007ffd2e520000 - 0x00007ffd2e55f000 	C:\Program Files\Java\jdk-12.0.2\bin\lcms.dll
0x00007ffd31ae0000 - 0x00007ffd31af2000 	C:\Program Files\Java\jdk-12.0.2\bin\jsound.dll
0x00007ffd013c0000 - 0x00007ffd01459000 	C:\Windows\SYSTEM32\DSOUND.dll
0x00007ffd557b0000 - 0x00007ffd55852000 	C:\Windows\System32\clbcatq.dll
0x00007ffd503f0000 - 0x00007ffd50462000 	C:\Windows\System32\MMDevApi.dll
0x00007ffd53fa0000 - 0x00007ffd53fca000 	C:\Windows\System32\DEVOBJ.dll
0x00007ffd40af0000 - 0x00007ffd40b34000 	C:\Windows\SYSTEM32\wdmaud.drv
0x00007ffd485b0000 - 0x00007ffd485b9000 	C:\Windows\SYSTEM32\ksuser.dll
0x00007ffd4db00000 - 0x00007ffd4db0a000 	C:\Windows\SYSTEM32\AVRT.dll
0x00007ffd50470000 - 0x00007ffd505cd000 	C:\Windows\SYSTEM32\AUDIOSES.DLL
0x00007ffd485a0000 - 0x00007ffd485ad000 	C:\Windows\SYSTEM32\msacm32.drv
0x00007ffd48580000 - 0x00007ffd4859c000 	C:\Windows\SYSTEM32\MSACM32.dll
0x00007ffd48200000 - 0x00007ffd4820a000 	C:\Windows\SYSTEM32\midimap.dll
0x00007ffd52840000 - 0x00007ffd52854000 	C:\Windows\SYSTEM32\resourcepolicyclient.dll
0x00007ffd42ff0000 - 0x00007ffd43141000 	C:\Windows\System32\Windows.UI.dll
0x00007ffd42ed0000 - 0x00007ffd42feb000 	C:\Windows\System32\InputHost.dll
0x00007ffd4ebd0000 - 0x00007ffd4ecc0000 	C:\Windows\System32\PROPSYS.dll
0x00007ffd50cf0000 - 0x00007ffd50cf9000 	C:\Program Files\Java\jdk-12.0.2\bin\management.dll
0x00007ffd4de50000 - 0x00007ffd4de5c000 	C:\Program Files\Java\jdk-12.0.2\bin\management_ext.dll
0x00007ffd4d1c0000 - 0x00007ffd4d36f000 	C:\Windows\SYSTEM32\WindowsCodecs.dll
0x00007ffd3f1e0000 - 0x00007ffd3f21a000 	C:\Windows\system32\dataexchange.dll
0x00007ffd51a20000 - 0x00007ffd51c7b000 	C:\Windows\system32\d3d11.dll
0x00007ffd51c80000 - 0x00007ffd51e5c000 	C:\Windows\system32\dcomp.dll
0x00007ffd52ea0000 - 0x00007ffd52f8b000 	C:\Windows\system32\dxgi.dll
0x00007ffd525d0000 - 0x00007ffd52831000 	C:\Windows\system32\twinapi.appcore.dll
0x00007ffd52a20000 - 0x00007ffd52a49000 	C:\Windows\system32\RMCLIENT.dll
0x00007ffd4ce70000 - 0x00007ffd4cf1e000 	C:\Windows\SYSTEM32\mscms.dll
0x00007ffd4ce50000 - 0x00007ffd4ce67000 	C:\Windows\SYSTEM32\ColorAdapterClient.dll
0x00007ffd446c0000 - 0x00007ffd44703000 	C:\Windows\SYSTEM32\icm32.dll
0x000000006e8c0000 - 0x000000006e8cd000 	C:\Users\corbo\AppData\Local\Temp\jogamp_0000\file_cache\jln4188377020452974440\jln6442842255280475624\natives\windows-amd64\gluegen_rt.dll
0x00007ffd433a0000 - 0x00007ffd433a7000 	C:\Program Files\Java\jdk-12.0.2\bin\jawt.dll

dbghelp: loaded successfully - version: 4.0.5 - missing functions: none
symbol engine: initialized successfully - sym options: 0x614 - pdb path: .;C:\Program Files\Java\jdk-12.0.2\bin;C:\Windows\SYSTEM32;C:\Windows\WinSxS\amd64_microsoft.windows.common-controls_6595b64144ccf1df_6.0.18362.836_none_e6c4b943130f18ed;C:\Program Files\Java\jdk-12.0.2\bin\server;C:\Windows\System32\DriverStore\FileRepository\u0346729.inf_amd64_aea6bce152d9aed0\B346681;C:\Users\corbo\AppData\Local\Temp\jna-94848083;C:\Users\corbo\AppData\Local\Temp\jogamp_0000\file_cache\jln4188377020452974440\jln6442842255280475624\natives\windows-amd64

VM Arguments:
jvm_args: -agentlib:jdwp=transport=dt_socket,address=127.0.0.1:52174,suspend=y,server=n -Drunelite.pluginhub.version=1.6.15 -javaagent:C:\Users\corbo\.IdeaIC2019.2\system\captureAgent\debugger-agent.jar -Dfile.encoding=UTF-8 
java_command: net.runelite.client.RuneLite
java_class_path (initial): C:\Users\corbo\git\runelite\runelite-client\target\classes;C:\Users\corbo\.m2\repository\org\slf4j\slf4j-api\1.7.25\slf4j-api-1.7.25.jar;C:\Users\corbo\.m2\repository\ch\qos\logback\logback-classic\1.2.3\logback-classic-1.2.3.jar;C:\Users\corbo\.m2\repository\ch\qos\logback\logback-core\1.2.3\logback-core-1.2.3.jar;C:\Users\corbo\.m2\repository\net\sf\jopt-simple\jopt-simple\5.0.1\jopt-simple-5.0.1.jar;C:\Users\corbo\.m2\repository\com\google\guava\guava\23.2-jre\guava-23.2-jre.jar;C:\Users\corbo\.m2\repository\com\google\code\findbugs\jsr305\1.3.9\jsr305-1.3.9.jar;C:\Users\corbo\.m2\repository\com\google\errorprone\error_prone_annotations\2.0.18\error_prone_annotations-2.0.18.jar;C:\Users\corbo\.m2\repository\com\google\j2objc\j2objc-annotations\1.1\j2objc-annotations-1.1.jar;C:\Users\corbo\.m2\repository\org\codehaus\mojo\animal-sniffer-annotations\1.14\animal-sniffer-annotations-1.14.jar;C:\Users\corbo\.m2\repository\com\google\inject\guice\4.1.0\guice-4.1.0-no_aop.jar;C:\Users\corbo\.m2\repository\javax\inject\javax.inject\1\javax.inject-1.jar;C:\Users\corbo\.m2\repository\aopalliance\aopalliance\1.0\aopalliance-1.0.jar;C:\Users\corbo\.m2\repository\com\google\code\gson\gson\2.8.5\gson-2.8.5.jar;C:\Users\corbo\.m2\repository\net\runelite\pushingpixels\substance\8.0.02\substance-8.0.02.jar;C:\Users\corbo\.m2\repository\net\runelite\pushingpixels\trident\1.5.00\trident-1.5.00.jar;C:\Users\corbo\.m2\repository\org\apache\commons\commons-text\1.2\commons-text-1.2.jar;C:\Users\corbo\.m2\repository\org\apache\commons\commons-lang3\3.7\commons-lang3-3.7.jar;C:\Users\corbo\.m2\repository\net\runelite\jogl\jogl-all\2.4.0-rc-20200429\jogl-all-2.4.0-rc-20200429.jar;C:\Users\corbo\.m2\repository\net\runelite\jogl\jogl-all\2.4.0-rc-20200429\jogl-all-2.4.0-rc-20200429-natives-windows-amd64.jar;C:\Users\corbo\.m2\repository\net\runelite\jogl\jogl-all\2.4.0-rc-20200429\jogl-all-2.4.0-rc-20200429-natives-windows-i586.jar;C:\Users\corbo\.m2\repository
Launcher Type: SUN_STANDARD

[Global flags]
     intx CICompilerCount                          = 3                                         {product} {ergonomic}
     uint ConcGCThreads                            = 2                                         {product} {ergonomic}
     uint G1ConcRefinementThreads                  = 6                                         {product} {ergonomic}
   size_t G1HeapRegionSize                         = 1048576                                   {product} {ergonomic}
    uintx GCDrainStackTargetSize                   = 64                                        {product} {ergonomic}
   size_t InitialHeapSize                          = 268435456                                 {product} {ergonomic}
   size_t MarkStackSize                            = 4194304                                   {product} {ergonomic}
   size_t MaxHeapSize                              = 4278190080                                {product} {ergonomic}
   size_t MaxNewSize                               = 2566914048                                {product} {ergonomic}
   size_t MinHeapDeltaBytes                        = 1048576                                   {product} {ergonomic}
    uintx NonNMethodCodeHeapSize                   = 5830732                                {pd product} {ergonomic}
    uintx NonProfiledCodeHeapSize                  = 122913754                              {pd product} {ergonomic}
    uintx ProfiledCodeHeapSize                     = 122913754                              {pd product} {ergonomic}
    uintx ReservedCodeCacheSize                    = 251658240                              {pd product} {ergonomic}
     bool SegmentedCodeCache                       = true                                      {product} {ergonomic}
     bool UseCompressedClassPointers               = true                                 {lp64_product} {ergonomic}
     bool UseCompressedOops                        = true                                 {lp64_product} {ergonomic}
     bool UseG1GC                                  = true                                      {product} {ergonomic}
     bool UseLargePagesIndividualAllocation        = false                                  {pd product} {ergonomic}

Logging:
Log output configuration:
 #0: stdout all=warning uptime,level,tags
 #1: stderr all=off uptime,level,tags

Environment Variables:
JAVA_HOME=C:\Program Files\Java\jdk-12.0.2\bin
PATH=C:\Program Files\JetBrains\IntelliJ IDEA Community Edition 2019.2\jbr\\bin;C:\Program Files\JetBrains\IntelliJ IDEA Community Edition 2019.2\jbr\\bin\server;C:\Program Files (x86)\Razer Chroma SDK\bin;C:\Program Files\Razer Chroma SDK\bin;C:\Program Files (x86)\NVIDIA Corporation\PhysX\Common;C:\Windows\system32;C:\Windows;C:\Windows\System32\Wbem;C:\Windows\System32\WindowsPowerShell\v1.0\;C:\Windows\System32\OpenSSH\;C:\Program Files\Git\cmd;C:\Program Files\Calibre2\;C:\Users\corbo\AppData\Local\Programs\Python\Python38\Scripts\;C:\Users\corbo\AppData\Local\Programs\Python\Python38\;C:\Program Files\Java\jdk-12.0.2\bin;C:\Users\corbo\AppData\Local\Programs\Python\Python38\Scripts\;C:\Users\corbo\AppData\Local\Programs\Python\Python38\;C:\Program Files\Java\jdk-12.0.2\bin
USERNAME=corbo
OS=Windows_NT
PROCESSOR_IDENTIFIER=Intel64 Family 6 Model 158 Stepping 12, GenuineIntel



---------------  S Y S T E M  ---------------

OS: Windows 10 , 64 bit Build 18362 (10.0.18362.778)

CPU:total 6 (initial active 6) (6 cores per cpu, 1 threads per core) family 6 model 158 stepping 12, cmov, cx8, fxsr, mmx, sse, sse2, sse3, ssse3, sse4.1, sse4.2, popcnt, avx, avx2, aes, clmul, erms, rtm, 3dnowpref, lzcnt, tsc, tscinvbit, bmi1, bmi2, adx, fma

Memory: 4k page, system-wide physical 16318M (9523M free)
TotalPageFile size 18750M (AvailPageFile size 8016M)
current process WorkingSet (physical memory assigned to process): 759M, peak: 842M
current process commit charge ("private bytes"): 974M, peak: 1076M

vm_info: Java HotSpot(TM) 64-Bit Server VM (12.0.2+10) for windows-amd64 JRE (12.0.2+10), built on Jul 16 2019 01:56:17 by "mach5one" with MS VC++ 15.5 (VS2017)

END.
